{"/Users/tatianasousa/Downloads/ntest/src/app.module.ts": {"path":"/Users/tatianasousa/Downloads/ntest/src/app.module.ts","statementMap":{"0":{"start":{"line":1,"column":0},"end":{"line":1,"column":40}},"1":{"start":{"line":2,"column":0},"end":{"line":2,"column":59}},"2":{"start":{"line":3,"column":0},"end":{"line":3,"column":48}},"3":{"start":{"line":4,"column":0},"end":{"line":4,"column":50}},"4":{"start":{"line":5,"column":0},"end":{"line":5,"column":48}},"5":{"start":{"line":6,"column":0},"end":{"line":6,"column":60}},"6":{"start":{"line":7,"column":0},"end":{"line":7,"column":48}},"7":{"start":{"line":8,"column":0},"end":{"line":8,"column":51}},"8":{"start":{"line":9,"column":0},"end":{"line":9,"column":51}},"9":{"start":{"line":28,"column":0},"end":{"line":28,"column":null}},"10":{"start":{"line":28,"column":13},"end":{"line":28,"column":null}},"11":{"start":{"line":28,"column":13},"end":{"line":28,"column":22}}},"fnMap":{},"branchMap":{},"s":{"0":0,"1":0,"2":0,"3":0,"4":0,"5":0,"6":0,"7":0,"8":0,"9":0,"10":0,"11":0},"f":{},"b":{}}
,"/Users/tatianasousa/Downloads/ntest/src/main.ts": {"path":"/Users/tatianasousa/Downloads/ntest/src/main.ts","statementMap":{"0":{"start":{"line":1,"column":0},"end":{"line":1,"column":43}},"1":{"start":{"line":2,"column":0},"end":{"line":2,"column":41}},"2":{"start":{"line":5,"column":14},"end":{"line":5,"column":49}},"3":{"start":{"line":6,"column":2},"end":{"line":6,"column":45}},"4":{"start":{"line":9,"column":0},"end":{"line":9,"column":12}}},"fnMap":{"0":{"name":"bootstrap","decl":{"start":{"line":4,"column":15},"end":{"line":4,"column":24}},"loc":{"start":{"line":4,"column":24},"end":{"line":7,"column":1}}}},"branchMap":{"0":{"loc":{"start":{"line":6,"column":19},"end":{"line":6,"column":43}},"type":"binary-expr","locations":[{"start":{"line":6,"column":19},"end":{"line":6,"column":35}},{"start":{"line":6,"column":39},"end":{"line":6,"column":43}}]}},"s":{"0":0,"1":0,"2":0,"3":0,"4":0},"f":{"0":0},"b":{"0":[0,0]}}
,"/Users/tatianasousa/Downloads/ntest/src/auth/auth.module.ts": {"path":"/Users/tatianasousa/Downloads/ntest/src/auth/auth.module.ts","statementMap":{"0":{"start":{"line":1,"column":0},"end":{"line":1,"column":40}},"1":{"start":{"line":2,"column":0},"end":{"line":2,"column":40}},"2":{"start":{"line":3,"column":0},"end":{"line":3,"column":50}},"3":{"start":{"line":4,"column":0},"end":{"line":4,"column":52}},"4":{"start":{"line":5,"column":0},"end":{"line":5,"column":47}},"5":{"start":{"line":6,"column":0},"end":{"line":6,"column":45}},"6":{"start":{"line":7,"column":0},"end":{"line":7,"column":43}},"7":{"start":{"line":8,"column":0},"end":{"line":8,"column":56}},"8":{"start":{"line":22,"column":0},"end":{"line":22,"column":null}},"9":{"start":{"line":22,"column":13},"end":{"line":22,"column":null}},"10":{"start":{"line":22,"column":13},"end":{"line":22,"column":23}}},"fnMap":{},"branchMap":{},"s":{"0":0,"1":0,"2":0,"3":0,"4":0,"5":0,"6":0,"7":0,"8":0,"9":0,"10":0},"f":{},"b":{}}
,"/Users/tatianasousa/Downloads/ntest/src/auth/auth.resolver.ts": {"path":"/Users/tatianasousa/Downloads/ntest/src/auth/auth.resolver.ts","statementMap":{"0":{"start":{"line":1,"column":0},"end":{"line":1,"column":59}},"1":{"start":{"line":2,"column":0},"end":{"line":2,"column":66}},"2":{"start":{"line":3,"column":0},"end":{"line":3,"column":54}},"3":{"start":{"line":4,"column":0},"end":{"line":4,"column":45}},"4":{"start":{"line":5,"column":0},"end":{"line":5,"column":47}},"5":{"start":{"line":6,"column":0},"end":{"line":6,"column":61}},"6":{"start":{"line":9,"column":0},"end":{"line":21,"column":null}},"7":{"start":{"line":10,"column":31},"end":{"line":10,"column":44}},"8":{"start":{"line":14,"column":4},"end":{"line":14,"column":47}},"9":{"start":{"line":19,"column":4},"end":{"line":19,"column":42}},"10":{"start":{"line":13,"column":2},"end":{"line":15,"column":null}},"11":{"start":{"line":12,"column":18},"end":{"line":12,"column":29}},"12":{"start":{"line":18,"column":2},"end":{"line":20,"column":null}},"13":{"start":{"line":17,"column":18},"end":{"line":17,"column":22}},"14":{"start":{"line":9,"column":13},"end":{"line":21,"column":null}},"15":{"start":{"line":9,"column":13},"end":{"line":9,"column":25}}},"fnMap":{"0":{"name":"(anonymous_4)","decl":{"start":{"line":10,"column":2},"end":{"line":10,"column":31}},"loc":{"start":{"line":10,"column":55},"end":{"line":10,"column":59}}},"1":{"name":"(anonymous_5)","decl":{"start":{"line":13,"column":2},"end":{"line":13,"column":7}},"loc":{"start":{"line":13,"column":46},"end":{"line":15,"column":3}}},"2":{"name":"(anonymous_6)","decl":{"start":{"line":18,"column":2},"end":{"line":18,"column":8}},"loc":{"start":{"line":18,"column":46},"end":{"line":20,"column":3}}},"3":{"name":"(anonymous_7)","decl":{"start":{"line":12,"column":12},"end":{"line":12,"column":15}},"loc":{"start":{"line":12,"column":18},"end":{"line":12,"column":29}}},"4":{"name":"(anonymous_8)","decl":{"start":{"line":17,"column":12},"end":{"line":17,"column":15}},"loc":{"start":{"line":17,"column":18},"end":{"line":17,"column":22}}}},"branchMap":{},"s":{"0":0,"1":0,"2":0,"3":0,"4":0,"5":0,"6":0,"7":0,"8":0,"9":0,"10":0,"11":0,"12":0,"13":0,"14":0,"15":0},"f":{"0":0,"1":0,"2":0,"3":0,"4":0},"b":{}}
,"/Users/tatianasousa/Downloads/ntest/src/auth/auth.service.ts": {"path":"/Users/tatianasousa/Downloads/ntest/src/auth/auth.service.ts","statementMap":{"0":{"start":{"line":1,"column":0},"end":{"line":1,"column":67}},"1":{"start":{"line":2,"column":0},"end":{"line":2,"column":41}},"2":{"start":{"line":5,"column":0},"end":{"line":5,"column":55}},"3":{"start":{"line":6,"column":0},"end":{"line":6,"column":67}},"4":{"start":{"line":11,"column":0},"end":{"line":54,"column":null}},"5":{"start":{"line":13,"column":12},"end":{"line":13,"column":26}},"6":{"start":{"line":14,"column":12},"end":{"line":14,"column":24}},"7":{"start":{"line":18,"column":35},"end":{"line":18,"column":45}},"8":{"start":{"line":20,"column":17},"end":{"line":20,"column":68}},"9":{"start":{"line":22,"column":4},"end":{"line":24,"column":null}},"10":{"start":{"line":23,"column":6},"end":{"line":23,"column":61}},"11":{"start":{"line":26,"column":20},"end":{"line":26,"column":67}},"12":{"start":{"line":28,"column":4},"end":{"line":30,"column":null}},"13":{"start":{"line":29,"column":6},"end":{"line":29,"column":61}},"14":{"start":{"line":32,"column":20},"end":{"line":35,"column":6}},"15":{"start":{"line":37,"column":4},"end":{"line":39,"column":6}},"16":{"start":{"line":43,"column":41},"end":{"line":43,"column":56}},"17":{"start":{"line":43,"column":36},"end":{"line":43,"column":41}},"18":{"start":{"line":45,"column":30},"end":{"line":45,"column":61}},"19":{"start":{"line":47,"column":17},"end":{"line":49,"column":null}},"20":{"start":{"line":52,"column":4},"end":{"line":52,"column":16}},"21":{"start":{"line":11,"column":13},"end":{"line":54,"column":null}},"22":{"start":{"line":11,"column":13},"end":{"line":11,"column":24}}},"fnMap":{"0":{"name":"(anonymous_3)","decl":{"start":{"line":12,"column":2},"end":{"line":12,"column":null}},"loc":{"start":{"line":14,"column":34},"end":{"line":15,"column":6}}},"1":{"name":"(anonymous_4)","decl":{"start":{"line":17,"column":2},"end":{"line":17,"column":7}},"loc":{"start":{"line":17,"column":36},"end":{"line":40,"column":3}}},"2":{"name":"(anonymous_5)","decl":{"start":{"line":42,"column":2},"end":{"line":42,"column":7}},"loc":{"start":{"line":42,"column":47},"end":{"line":53,"column":3}}}},"branchMap":{"0":{"loc":{"start":{"line":22,"column":4},"end":{"line":24,"column":null}},"type":"if","locations":[{"start":{"line":22,"column":4},"end":{"line":24,"column":null}}]},"1":{"loc":{"start":{"line":28,"column":4},"end":{"line":30,"column":null}},"type":"if","locations":[{"start":{"line":28,"column":4},"end":{"line":30,"column":null}}]}},"s":{"0":0,"1":0,"2":0,"3":0,"4":0,"5":0,"6":0,"7":0,"8":0,"9":0,"10":0,"11":0,"12":0,"13":0,"14":0,"15":0,"16":0,"17":0,"18":0,"19":0,"20":0,"21":0,"22":0},"f":{"0":0,"1":0,"2":0},"b":{"0":[0],"1":[0]}}
,"/Users/tatianasousa/Downloads/ntest/src/auth/constants.ts": {"path":"/Users/tatianasousa/Downloads/ntest/src/auth/constants.ts","statementMap":{"0":{"start":{"line":1,"column":13},"end":{"line":4,"column":2}}},"fnMap":{},"branchMap":{},"s":{"0":0},"f":{},"b":{}}
,"/Users/tatianasousa/Downloads/ntest/src/auth/decorators/current-user.decorator.ts": {"path":"/Users/tatianasousa/Downloads/ntest/src/auth/decorators/current-user.decorator.ts","statementMap":{"0":{"start":{"line":1,"column":0},"end":{"line":1,"column":72}},"1":{"start":{"line":2,"column":0},"end":{"line":2,"column":54}},"2":{"start":{"line":4,"column":13},"end":{"line":9,"column":2}},"3":{"start":{"line":6,"column":16},"end":{"line":6,"column":51}},"4":{"start":{"line":7,"column":4},"end":{"line":7,"column":37}}},"fnMap":{"0":{"name":"(anonymous_0)","decl":{"start":{"line":5,"column":2},"end":{"line":5,"column":3}},"loc":{"start":{"line":5,"column":48},"end":{"line":8,"column":3}}}},"branchMap":{},"s":{"0":0,"1":0,"2":0,"3":0,"4":0},"f":{"0":0},"b":{}}
,"/Users/tatianasousa/Downloads/ntest/src/auth/dto/login.input.ts": {"path":"/Users/tatianasousa/Downloads/ntest/src/auth/dto/login.input.ts","statementMap":{"0":{"start":{"line":1,"column":0},"end":{"line":1,"column":51}},"1":{"start":{"line":4,"column":0},"end":{"line":10,"column":null}},"2":{"start":{"line":6,"column":2},"end":{"line":6,"column":null}},"3":{"start":{"line":9,"column":2},"end":{"line":9,"column":null}},"4":{"start":{"line":4,"column":13},"end":{"line":10,"column":null}},"5":{"start":{"line":4,"column":13},"end":{"line":4,"column":23}}},"fnMap":{},"branchMap":{},"s":{"0":0,"1":0,"2":0,"3":0,"4":0,"5":0},"f":{},"b":{}}
,"/Users/tatianasousa/Downloads/ntest/src/auth/entities/auth-session.entity.ts": {"path":"/Users/tatianasousa/Downloads/ntest/src/auth/entities/auth-session.entity.ts","statementMap":{"0":{"start":{"line":1,"column":0},"end":{"line":1,"column":52}},"1":{"start":{"line":4,"column":0},"end":{"line":7,"column":null}},"2":{"start":{"line":6,"column":2},"end":{"line":6,"column":null}},"3":{"start":{"line":4,"column":13},"end":{"line":7,"column":null}},"4":{"start":{"line":4,"column":13},"end":{"line":4,"column":24}}},"fnMap":{},"branchMap":{},"s":{"0":0,"1":0,"2":0,"3":0,"4":0},"f":{},"b":{}}
,"/Users/tatianasousa/Downloads/ntest/src/auth/guards/gql-auth.guard.ts": {"path":"/Users/tatianasousa/Downloads/ntest/src/auth/guards/gql-auth.guard.ts","statementMap":{"0":{"start":{"line":2,"column":0},"end":{"line":2,"column":54}},"1":{"start":{"line":3,"column":0},"end":{"line":3,"column":45}},"2":{"start":{"line":7,"column":16},"end":{"line":7,"column":51}},"3":{"start":{"line":8,"column":4},"end":{"line":8,"column":32}},"4":{"start":{"line":5,"column":0},"end":{"line":5,"column":13}}},"fnMap":{"0":{"name":"(anonymous_0)","decl":{"start":{"line":6,"column":2},"end":{"line":6,"column":12}},"loc":{"start":{"line":6,"column":38},"end":{"line":9,"column":3}}}},"branchMap":{},"s":{"0":0,"1":0,"2":0,"3":0,"4":0},"f":{"0":0},"b":{}}
,"/Users/tatianasousa/Downloads/ntest/src/auth/guards/jwt-auth.guard.ts": {"path":"/Users/tatianasousa/Downloads/ntest/src/auth/guards/jwt-auth.guard.ts","statementMap":{"0":{"start":{"line":1,"column":0},"end":{"line":1,"column":44}},"1":{"start":{"line":2,"column":0},"end":{"line":2,"column":45}},"2":{"start":{"line":5,"column":0},"end":{"line":5,"column":null}},"3":{"start":{"line":5,"column":13},"end":{"line":5,"column":null}},"4":{"start":{"line":5,"column":13},"end":{"line":5,"column":25}}},"fnMap":{},"branchMap":{},"s":{"0":0,"1":0,"2":0,"3":0,"4":0},"f":{},"b":{}}
,"/Users/tatianasousa/Downloads/ntest/src/auth/strategies/jwt.strategy.ts": {"path":"/Users/tatianasousa/Downloads/ntest/src/auth/strategies/jwt.strategy.ts","statementMap":{"0":{"start":{"line":1,"column":0},"end":{"line":1,"column":44}},"1":{"start":{"line":2,"column":0},"end":{"line":2,"column":52}},"2":{"start":{"line":3,"column":0},"end":{"line":3,"column":52}},"3":{"start":{"line":5,"column":0},"end":{"line":5,"column":44}},"4":{"start":{"line":15,"column":0},"end":{"line":27,"column":null}},"5":{"start":{"line":17,"column":4},"end":{"line":21,"column":7}},"6":{"start":{"line":25,"column":4},"end":{"line":25,"column":59}},"7":{"start":{"line":15,"column":13},"end":{"line":27,"column":null}},"8":{"start":{"line":15,"column":13},"end":{"line":15,"column":24}}},"fnMap":{"0":{"name":"(anonymous_2)","decl":{"start":{"line":16,"column":2},"end":{"line":16,"column":null}},"loc":{"start":{"line":16,"column":2},"end":{"line":22,"column":3}}},"1":{"name":"(anonymous_3)","decl":{"start":{"line":24,"column":2},"end":{"line":24,"column":10}},"loc":{"start":{"line":24,"column":30},"end":{"line":26,"column":3}}}},"branchMap":{},"s":{"0":0,"1":0,"2":0,"3":0,"4":0,"5":0,"6":0,"7":0,"8":0},"f":{"0":0,"1":0},"b":{}}
,"/Users/tatianasousa/Downloads/ntest/src/betbooks/betbooks.module.ts": {"path":"/Users/tatianasousa/Downloads/ntest/src/betbooks/betbooks.module.ts","statementMap":{"0":{"start":{"line":1,"column":0},"end":{"line":1,"column":40}},"1":{"start":{"line":2,"column":0},"end":{"line":2,"column":53}},"2":{"start":{"line":3,"column":0},"end":{"line":3,"column":55}},"3":{"start":{"line":4,"column":0},"end":{"line":4,"column":58}},"4":{"start":{"line":5,"column":0},"end":{"line":5,"column":53}},"5":{"start":{"line":6,"column":0},"end":{"line":6,"column":50}},"6":{"start":{"line":12,"column":0},"end":{"line":12,"column":null}},"7":{"start":{"line":12,"column":13},"end":{"line":12,"column":null}},"8":{"start":{"line":12,"column":13},"end":{"line":12,"column":27}}},"fnMap":{},"branchMap":{},"s":{"0":0,"1":0,"2":0,"3":0,"4":0,"5":0,"6":0,"7":0,"8":0},"f":{},"b":{}}
,"/Users/tatianasousa/Downloads/ntest/src/betbooks/betbooks.resolver.ts": {"path":"/Users/tatianasousa/Downloads/ntest/src/betbooks/betbooks.resolver.ts","statementMap":{"0":{"start":{"line":1,"column":0},"end":{"line":1,"column":43}},"1":{"start":{"line":2,"column":0},"end":{"line":2,"column":70}},"2":{"start":{"line":3,"column":0},"end":{"line":3,"column":73}},"3":{"start":{"line":4,"column":0},"end":{"line":4,"column":62}},"4":{"start":{"line":6,"column":0},"end":{"line":6,"column":53}},"5":{"start":{"line":7,"column":0},"end":{"line":7,"column":64}},"6":{"start":{"line":8,"column":0},"end":{"line":8,"column":50}},"7":{"start":{"line":9,"column":0},"end":{"line":9,"column":64}},"8":{"start":{"line":10,"column":0},"end":{"line":10,"column":71}},"9":{"start":{"line":14,"column":0},"end":{"line":50,"column":null}},"10":{"start":{"line":15,"column":31},"end":{"line":15,"column":48}},"11":{"start":{"line":22,"column":4},"end":{"line":25,"column":7}},"12":{"start":{"line":33,"column":4},"end":{"line":33,"column":63}},"13":{"start":{"line":38,"column":4},"end":{"line":38,"column":44}},"14":{"start":{"line":43,"column":4},"end":{"line":43,"column":56}},"15":{"start":{"line":48,"column":4},"end":{"line":48,"column":43}},"16":{"start":{"line":18,"column":2},"end":{"line":26,"column":null}},"17":{"start":{"line":17,"column":18},"end":{"line":17,"column":25}},"18":{"start":{"line":29,"column":2},"end":{"line":34,"column":null}},"19":{"start":{"line":28,"column":15},"end":{"line":28,"column":32}},"20":{"start":{"line":37,"column":2},"end":{"line":39,"column":null}},"21":{"start":{"line":36,"column":15},"end":{"line":36,"column":22}},"22":{"start":{"line":37,"column":36},"end":{"line":37,"column":38}},"23":{"start":{"line":42,"column":2},"end":{"line":44,"column":null}},"24":{"start":{"line":41,"column":18},"end":{"line":41,"column":25}},"25":{"start":{"line":47,"column":2},"end":{"line":49,"column":null}},"26":{"start":{"line":46,"column":18},"end":{"line":46,"column":25}},"27":{"start":{"line":47,"column":42},"end":{"line":47,"column":44}},"28":{"start":{"line":14,"column":13},"end":{"line":50,"column":null}},"29":{"start":{"line":13,"column":16},"end":{"line":13,"column":23}},"30":{"start":{"line":14,"column":13},"end":{"line":14,"column":29}}},"fnMap":{"0":{"name":"(anonymous_4)","decl":{"start":{"line":15,"column":2},"end":{"line":15,"column":31}},"loc":{"start":{"line":15,"column":63},"end":{"line":15,"column":67}}},"1":{"name":"(anonymous_5)","decl":{"start":{"line":18,"column":2},"end":{"line":18,"column":15}},"loc":{"start":{"line":20,"column":44},"end":{"line":26,"column":3}}},"2":{"name":"(anonymous_6)","decl":{"start":{"line":29,"column":2},"end":{"line":29,"column":9}},"loc":{"start":{"line":31,"column":29},"end":{"line":34,"column":3}}},"3":{"name":"(anonymous_7)","decl":{"start":{"line":37,"column":2},"end":{"line":37,"column":9}},"loc":{"start":{"line":37,"column":52},"end":{"line":39,"column":3}}},"4":{"name":"(anonymous_8)","decl":{"start":{"line":42,"column":2},"end":{"line":42,"column":15}},"loc":{"start":{"line":42,"column":56},"end":{"line":44,"column":3}}},"5":{"name":"(anonymous_9)","decl":{"start":{"line":47,"column":2},"end":{"line":47,"column":15}},"loc":{"start":{"line":47,"column":58},"end":{"line":49,"column":3}}},"6":{"name":"(anonymous_10)","decl":{"start":{"line":17,"column":12},"end":{"line":17,"column":15}},"loc":{"start":{"line":17,"column":18},"end":{"line":17,"column":25}}},"7":{"name":"(anonymous_11)","decl":{"start":{"line":28,"column":9},"end":{"line":28,"column":12}},"loc":{"start":{"line":28,"column":15},"end":{"line":28,"column":32}}},"8":{"name":"(anonymous_12)","decl":{"start":{"line":36,"column":9},"end":{"line":36,"column":12}},"loc":{"start":{"line":36,"column":15},"end":{"line":36,"column":22}}},"9":{"name":"(anonymous_13)","decl":{"start":{"line":37,"column":30},"end":{"line":37,"column":33}},"loc":{"start":{"line":37,"column":36},"end":{"line":37,"column":38}}},"10":{"name":"(anonymous_14)","decl":{"start":{"line":41,"column":12},"end":{"line":41,"column":15}},"loc":{"start":{"line":41,"column":18},"end":{"line":41,"column":25}}},"11":{"name":"(anonymous_15)","decl":{"start":{"line":46,"column":12},"end":{"line":46,"column":15}},"loc":{"start":{"line":46,"column":18},"end":{"line":46,"column":25}}},"12":{"name":"(anonymous_16)","decl":{"start":{"line":47,"column":36},"end":{"line":47,"column":39}},"loc":{"start":{"line":47,"column":42},"end":{"line":47,"column":44}}},"13":{"name":"(anonymous_17)","decl":{"start":{"line":13,"column":10},"end":{"line":13,"column":13}},"loc":{"start":{"line":13,"column":16},"end":{"line":13,"column":23}}}},"branchMap":{},"s":{"0":0,"1":0,"2":0,"3":0,"4":0,"5":0,"6":0,"7":0,"8":0,"9":0,"10":0,"11":0,"12":0,"13":0,"14":0,"15":0,"16":0,"17":0,"18":0,"19":0,"20":0,"21":0,"22":0,"23":0,"24":0,"25":0,"26":0,"27":0,"28":0,"29":0,"30":0},"f":{"0":0,"1":0,"2":0,"3":0,"4":0,"5":0,"6":0,"7":0,"8":0,"9":0,"10":0,"11":0,"12":0,"13":0},"b":{}}
,"/Users/tatianasousa/Downloads/ntest/src/betbooks/betbooks.service.ts": {"path":"/Users/tatianasousa/Downloads/ntest/src/betbooks/betbooks.service.ts","statementMap":{"0":{"start":{"line":1,"column":0},"end":{"line":1,"column":82}},"1":{"start":{"line":2,"column":0},"end":{"line":2,"column":65}},"2":{"start":{"line":4,"column":0},"end":{"line":4,"column":33}},"3":{"start":{"line":5,"column":0},"end":{"line":5,"column":52}},"4":{"start":{"line":6,"column":0},"end":{"line":6,"column":55}},"5":{"start":{"line":7,"column":0},"end":{"line":7,"column":58}},"6":{"start":{"line":8,"column":0},"end":{"line":8,"column":41}},"7":{"start":{"line":15,"column":0},"end":{"line":137,"column":null}},"8":{"start":{"line":17,"column":12},"end":{"line":17,"column":20}},"9":{"start":{"line":18,"column":12},"end":{"line":18,"column":25}},"10":{"start":{"line":19,"column":12},"end":{"line":19,"column":26}},"11":{"start":{"line":25,"column":16},"end":{"line":25,"column":30}},"12":{"start":{"line":28,"column":27},"end":{"line":36,"column":6}},"13":{"start":{"line":29,"column":19},"end":{"line":29,"column":59}},"14":{"start":{"line":31,"column":6},"end":{"line":33,"column":null}},"15":{"start":{"line":32,"column":8},"end":{"line":32,"column":20}},"16":{"start":{"line":35,"column":6},"end":{"line":35,"column":52}},"17":{"start":{"line":38,"column":4},"end":{"line":42,"column":null}},"18":{"start":{"line":39,"column":6},"end":{"line":41,"column":8}},"19":{"start":{"line":44,"column":20},"end":{"line":50,"column":6}},"20":{"start":{"line":52,"column":4},"end":{"line":66,"column":null}},"21":{"start":{"line":53,"column":19},"end":{"line":56,"column":8}},"22":{"start":{"line":58,"column":6},"end":{"line":65,"column":9}},"23":{"start":{"line":68,"column":4},"end":{"line":68,"column":19}},"24":{"start":{"line":75,"column":57},"end":{"line":91,"column":6}},"25":{"start":{"line":93,"column":21},"end":{"line":102,"column":null}},"26":{"start":{"line":95,"column":8},"end":{"line":95,"column":78}},"27":{"start":{"line":96,"column":12},"end":{"line":96,"column":72}},"28":{"start":{"line":105,"column":4},"end":{"line":105,"column":20}},"29":{"start":{"line":109,"column":4},"end":{"line":119,"column":7}},"30":{"start":{"line":126,"column":4},"end":{"line":131,"column":7}},"31":{"start":{"line":135,"column":4},"end":{"line":135,"column":63}},"32":{"start":{"line":15,"column":13},"end":{"line":137,"column":null}},"33":{"start":{"line":15,"column":13},"end":{"line":15,"column":28}}},"fnMap":{"0":{"name":"(anonymous_2)","decl":{"start":{"line":16,"column":2},"end":{"line":16,"column":null}},"loc":{"start":{"line":19,"column":38},"end":{"line":20,"column":6}}},"1":{"name":"(anonymous_3)","decl":{"start":{"line":22,"column":2},"end":{"line":22,"column":7}},"loc":{"start":{"line":23,"column":65},"end":{"line":69,"column":3}}},"2":{"name":"(anonymous_4)","decl":{"start":{"line":28,"column":56},"end":{"line":28,"column":57}},"loc":{"start":{"line":28,"column":64},"end":{"line":36,"column":5}}},"3":{"name":"(anonymous_5)","decl":{"start":{"line":71,"column":2},"end":{"line":71,"column":7}},"loc":{"start":{"line":73,"column":21},"end":{"line":106,"column":3}}},"4":{"name":"(anonymous_6)","decl":{"start":{"line":94,"column":6},"end":{"line":94,"column":7}},"loc":{"start":{"line":95,"column":8},"end":{"line":95,"column":78}}},"5":{"name":"(anonymous_7)","decl":{"start":{"line":96,"column":6},"end":{"line":96,"column":9}},"loc":{"start":{"line":96,"column":12},"end":{"line":96,"column":72}}},"6":{"name":"(anonymous_8)","decl":{"start":{"line":108,"column":2},"end":{"line":108,"column":7}},"loc":{"start":{"line":108,"column":26},"end":{"line":120,"column":3}}},"7":{"name":"(anonymous_9)","decl":{"start":{"line":122,"column":2},"end":{"line":122,"column":7}},"loc":{"start":{"line":124,"column":42},"end":{"line":132,"column":3}}},"8":{"name":"(anonymous_10)","decl":{"start":{"line":134,"column":2},"end":{"line":134,"column":7}},"loc":{"start":{"line":134,"column":25},"end":{"line":136,"column":3}}}},"branchMap":{"0":{"loc":{"start":{"line":31,"column":6},"end":{"line":33,"column":null}},"type":"if","locations":[{"start":{"line":31,"column":6},"end":{"line":33,"column":null}}]},"1":{"loc":{"start":{"line":38,"column":4},"end":{"line":42,"column":null}},"type":"if","locations":[{"start":{"line":38,"column":4},"end":{"line":42,"column":null}}]}},"s":{"0":0,"1":0,"2":0,"3":0,"4":0,"5":0,"6":0,"7":0,"8":0,"9":0,"10":0,"11":0,"12":0,"13":0,"14":0,"15":0,"16":0,"17":0,"18":0,"19":0,"20":0,"21":0,"22":0,"23":0,"24":0,"25":0,"26":0,"27":0,"28":0,"29":0,"30":0,"31":0,"32":0,"33":0},"f":{"0":0,"1":0,"2":0,"3":0,"4":0,"5":0,"6":0,"7":0,"8":0},"b":{"0":[0],"1":[0]}}
,"/Users/tatianasousa/Downloads/ntest/src/betbooks/dto/create-betbook.input.ts": {"path":"/Users/tatianasousa/Downloads/ntest/src/betbooks/dto/create-betbook.input.ts","statementMap":{"0":{"start":{"line":1,"column":0},"end":{"line":1,"column":51}},"1":{"start":{"line":2,"column":0},"end":{"line":2,"column":63}},"2":{"start":{"line":5,"column":0},"end":{"line":14,"column":null}},"3":{"start":{"line":7,"column":2},"end":{"line":7,"column":null}},"4":{"start":{"line":10,"column":2},"end":{"line":10,"column":null}},"5":{"start":{"line":13,"column":2},"end":{"line":13,"column":null}},"6":{"start":{"line":12,"column":15},"end":{"line":12,"column":31}},"7":{"start":{"line":5,"column":13},"end":{"line":14,"column":null}},"8":{"start":{"line":5,"column":13},"end":{"line":5,"column":31}}},"fnMap":{"0":{"name":"(anonymous_2)","decl":{"start":{"line":12,"column":9},"end":{"line":12,"column":12}},"loc":{"start":{"line":12,"column":15},"end":{"line":12,"column":31}}}},"branchMap":{},"s":{"0":0,"1":0,"2":0,"3":0,"4":0,"5":0,"6":0,"7":0,"8":0},"f":{"0":0},"b":{}}
,"/Users/tatianasousa/Downloads/ntest/src/betbooks/dto/generics.args.ts": {"path":"/Users/tatianasousa/Downloads/ntest/src/betbooks/dto/generics.args.ts","statementMap":{"0":{"start":{"line":1,"column":0},"end":{"line":1,"column":50}},"1":{"start":{"line":2,"column":0},"end":{"line":2,"column":71}},"2":{"start":{"line":5,"column":0},"end":{"line":8,"column":null}},"3":{"start":{"line":7,"column":2},"end":{"line":7,"column":null}},"4":{"start":{"line":5,"column":13},"end":{"line":8,"column":null}},"5":{"start":{"line":5,"column":13},"end":{"line":5,"column":24}}},"fnMap":{},"branchMap":{},"s":{"0":0,"1":0,"2":0,"3":0,"4":0,"5":0},"f":{},"b":{}}
,"/Users/tatianasousa/Downloads/ntest/src/betbooks/dto/update-betbook.input.ts": {"path":"/Users/tatianasousa/Downloads/ntest/src/betbooks/dto/update-betbook.input.ts","statementMap":{"0":{"start":{"line":1,"column":0},"end":{"line":1,"column":55}},"1":{"start":{"line":4,"column":0},"end":{"line":7,"column":null}},"2":{"start":{"line":6,"column":2},"end":{"line":6,"column":null}},"3":{"start":{"line":5,"column":15},"end":{"line":5,"column":17}},"4":{"start":{"line":4,"column":13},"end":{"line":7,"column":null}},"5":{"start":{"line":4,"column":13},"end":{"line":4,"column":31}}},"fnMap":{"0":{"name":"(anonymous_2)","decl":{"start":{"line":5,"column":9},"end":{"line":5,"column":12}},"loc":{"start":{"line":5,"column":15},"end":{"line":5,"column":17}}}},"branchMap":{},"s":{"0":0,"1":0,"2":0,"3":0,"4":0,"5":0},"f":{"0":0},"b":{}}
,"/Users/tatianasousa/Downloads/ntest/src/betbooks/entities/betbook.entity.ts": {"path":"/Users/tatianasousa/Downloads/ntest/src/betbooks/entities/betbook.entity.ts","statementMap":{"0":{"start":{"line":1,"column":0},"end":{"line":1,"column":56}},"1":{"start":{"line":2,"column":0},"end":{"line":2,"column":51}},"2":{"start":{"line":3,"column":0},"end":{"line":3,"column":67}},"3":{"start":{"line":4,"column":0},"end":{"line":4,"column":54}},"4":{"start":{"line":7,"column":0},"end":{"line":31,"column":null}},"5":{"start":{"line":9,"column":2},"end":{"line":9,"column":null}},"6":{"start":{"line":8,"column":15},"end":{"line":8,"column":17}},"7":{"start":{"line":12,"column":2},"end":{"line":12,"column":null}},"8":{"start":{"line":15,"column":2},"end":{"line":15,"column":null}},"9":{"start":{"line":18,"column":2},"end":{"line":18,"column":null}},"10":{"start":{"line":21,"column":2},"end":{"line":21,"column":null}},"11":{"start":{"line":24,"column":2},"end":{"line":24,"column":null}},"12":{"start":{"line":23,"column":15},"end":{"line":23,"column":20}},"13":{"start":{"line":27,"column":2},"end":{"line":27,"column":null}},"14":{"start":{"line":30,"column":2},"end":{"line":30,"column":null}},"15":{"start":{"line":7,"column":13},"end":{"line":31,"column":null}},"16":{"start":{"line":7,"column":13},"end":{"line":7,"column":20}},"17":{"start":{"line":34,"column":0},"end":{"line":34,"column":null}},"18":{"start":{"line":34,"column":13},"end":{"line":34,"column":null}},"19":{"start":{"line":34,"column":13},"end":{"line":34,"column":30}}},"fnMap":{"0":{"name":"(anonymous_2)","decl":{"start":{"line":8,"column":9},"end":{"line":8,"column":12}},"loc":{"start":{"line":8,"column":15},"end":{"line":8,"column":17}}},"1":{"name":"(anonymous_3)","decl":{"start":{"line":23,"column":9},"end":{"line":23,"column":12}},"loc":{"start":{"line":23,"column":15},"end":{"line":23,"column":20}}}},"branchMap":{},"s":{"0":0,"1":0,"2":0,"3":0,"4":0,"5":0,"6":0,"7":0,"8":0,"9":0,"10":0,"11":0,"12":0,"13":0,"14":0,"15":0,"16":0,"17":0,"18":0,"19":0},"f":{"0":0,"1":0},"b":{}}
,"/Users/tatianasousa/Downloads/ntest/src/bets/bets.module.ts": {"path":"/Users/tatianasousa/Downloads/ntest/src/bets/bets.module.ts","statementMap":{"0":{"start":{"line":1,"column":0},"end":{"line":1,"column":40}},"1":{"start":{"line":2,"column":0},"end":{"line":2,"column":53}},"2":{"start":{"line":3,"column":0},"end":{"line":3,"column":58}},"3":{"start":{"line":4,"column":0},"end":{"line":4,"column":47}},"4":{"start":{"line":5,"column":0},"end":{"line":5,"column":45}},"5":{"start":{"line":6,"column":0},"end":{"line":6,"column":70}},"6":{"start":{"line":13,"column":0},"end":{"line":13,"column":null}},"7":{"start":{"line":13,"column":13},"end":{"line":13,"column":null}},"8":{"start":{"line":13,"column":13},"end":{"line":13,"column":23}}},"fnMap":{},"branchMap":{},"s":{"0":0,"1":0,"2":0,"3":0,"4":0,"5":0,"6":0,"7":0,"8":0},"f":{},"b":{}}
,"/Users/tatianasousa/Downloads/ntest/src/bets/bets.resolver.ts": {"path":"/Users/tatianasousa/Downloads/ntest/src/bets/bets.resolver.ts","statementMap":{"0":{"start":{"line":1,"column":0},"end":{"line":1,"column":43}},"1":{"start":{"line":2,"column":0},"end":{"line":2,"column":70}},"2":{"start":{"line":3,"column":0},"end":{"line":3,"column":62}},"3":{"start":{"line":4,"column":0},"end":{"line":4,"column":45}},"4":{"start":{"line":5,"column":0},"end":{"line":5,"column":56}},"5":{"start":{"line":6,"column":0},"end":{"line":6,"column":44}},"6":{"start":{"line":10,"column":0},"end":{"line":32,"column":null}},"7":{"start":{"line":11,"column":31},"end":{"line":11,"column":44}},"8":{"start":{"line":15,"column":4},"end":{"line":15,"column":38}},"9":{"start":{"line":20,"column":4},"end":{"line":20,"column":40}},"10":{"start":{"line":25,"column":4},"end":{"line":25,"column":52}},"11":{"start":{"line":30,"column":4},"end":{"line":30,"column":39}},"12":{"start":{"line":14,"column":2},"end":{"line":16,"column":null}},"13":{"start":{"line":13,"column":15},"end":{"line":13,"column":20}},"14":{"start":{"line":19,"column":2},"end":{"line":21,"column":null}},"15":{"start":{"line":18,"column":15},"end":{"line":18,"column":18}},"16":{"start":{"line":19,"column":36},"end":{"line":19,"column":38}},"17":{"start":{"line":24,"column":2},"end":{"line":26,"column":null}},"18":{"start":{"line":23,"column":18},"end":{"line":23,"column":21}},"19":{"start":{"line":29,"column":2},"end":{"line":31,"column":null}},"20":{"start":{"line":28,"column":18},"end":{"line":28,"column":21}},"21":{"start":{"line":29,"column":38},"end":{"line":29,"column":40}},"22":{"start":{"line":10,"column":13},"end":{"line":32,"column":null}},"23":{"start":{"line":9,"column":16},"end":{"line":9,"column":19}},"24":{"start":{"line":10,"column":13},"end":{"line":10,"column":25}}},"fnMap":{"0":{"name":"(anonymous_4)","decl":{"start":{"line":11,"column":2},"end":{"line":11,"column":31}},"loc":{"start":{"line":11,"column":55},"end":{"line":11,"column":59}}},"1":{"name":"(anonymous_5)","decl":{"start":{"line":14,"column":2},"end":{"line":14,"column":9}},"loc":{"start":{"line":14,"column":9},"end":{"line":16,"column":3}}},"2":{"name":"(anonymous_6)","decl":{"start":{"line":19,"column":2},"end":{"line":19,"column":9}},"loc":{"start":{"line":19,"column":52},"end":{"line":21,"column":3}}},"3":{"name":"(anonymous_7)","decl":{"start":{"line":24,"column":2},"end":{"line":24,"column":11}},"loc":{"start":{"line":24,"column":48},"end":{"line":26,"column":3}}},"4":{"name":"(anonymous_8)","decl":{"start":{"line":29,"column":2},"end":{"line":29,"column":11}},"loc":{"start":{"line":29,"column":54},"end":{"line":31,"column":3}}},"5":{"name":"(anonymous_9)","decl":{"start":{"line":13,"column":9},"end":{"line":13,"column":12}},"loc":{"start":{"line":13,"column":15},"end":{"line":13,"column":20}}},"6":{"name":"(anonymous_10)","decl":{"start":{"line":18,"column":9},"end":{"line":18,"column":12}},"loc":{"start":{"line":18,"column":15},"end":{"line":18,"column":18}}},"7":{"name":"(anonymous_11)","decl":{"start":{"line":19,"column":30},"end":{"line":19,"column":33}},"loc":{"start":{"line":19,"column":36},"end":{"line":19,"column":38}}},"8":{"name":"(anonymous_12)","decl":{"start":{"line":23,"column":12},"end":{"line":23,"column":15}},"loc":{"start":{"line":23,"column":18},"end":{"line":23,"column":21}}},"9":{"name":"(anonymous_13)","decl":{"start":{"line":28,"column":12},"end":{"line":28,"column":15}},"loc":{"start":{"line":28,"column":18},"end":{"line":28,"column":21}}},"10":{"name":"(anonymous_14)","decl":{"start":{"line":29,"column":32},"end":{"line":29,"column":35}},"loc":{"start":{"line":29,"column":38},"end":{"line":29,"column":40}}},"11":{"name":"(anonymous_15)","decl":{"start":{"line":9,"column":10},"end":{"line":9,"column":13}},"loc":{"start":{"line":9,"column":16},"end":{"line":9,"column":19}}}},"branchMap":{},"s":{"0":0,"1":0,"2":0,"3":0,"4":0,"5":0,"6":0,"7":0,"8":0,"9":0,"10":0,"11":0,"12":0,"13":0,"14":0,"15":0,"16":0,"17":0,"18":0,"19":0,"20":0,"21":0,"22":0,"23":0,"24":0},"f":{"0":0,"1":0,"2":0,"3":0,"4":0,"5":0,"6":0,"7":0,"8":0,"9":0,"10":0,"11":0},"b":{}}
,"/Users/tatianasousa/Downloads/ntest/src/bets/bets.service.ts": {"path":"/Users/tatianasousa/Downloads/ntest/src/bets/bets.service.ts","statementMap":{"0":{"start":{"line":1,"column":0},"end":{"line":1,"column":44}},"1":{"start":{"line":3,"column":0},"end":{"line":3,"column":55}},"2":{"start":{"line":4,"column":0},"end":{"line":4,"column":58}},"3":{"start":{"line":7,"column":0},"end":{"line":7,"column":55}},"4":{"start":{"line":10,"column":0},"end":{"line":93,"column":null}},"5":{"start":{"line":12,"column":12},"end":{"line":12,"column":20}},"6":{"start":{"line":13,"column":12},"end":{"line":13,"column":26}},"7":{"start":{"line":22,"column":17},"end":{"line":22,"column":65}},"8":{"start":{"line":24,"column":19},"end":{"line":29,"column":6}},"9":{"start":{"line":31,"column":4},"end":{"line":41,"column":7}},"10":{"start":{"line":45,"column":4},"end":{"line":45,"column":44}},"11":{"start":{"line":49,"column":4},"end":{"line":53,"column":7}},"12":{"start":{"line":57,"column":4},"end":{"line":61,"column":7}},"13":{"start":{"line":65,"column":22},"end":{"line":72,"column":6}},"14":{"start":{"line":74,"column":4},"end":{"line":74,"column":33}},"15":{"start":{"line":78,"column":4},"end":{"line":78,"column":63}},"16":{"start":{"line":82,"column":4},"end":{"line":87,"column":7}},"17":{"start":{"line":91,"column":4},"end":{"line":91,"column":59}},"18":{"start":{"line":10,"column":13},"end":{"line":93,"column":null}},"19":{"start":{"line":10,"column":13},"end":{"line":10,"column":24}}},"fnMap":{"0":{"name":"(anonymous_2)","decl":{"start":{"line":11,"column":2},"end":{"line":11,"column":null}},"loc":{"start":{"line":13,"column":38},"end":{"line":14,"column":6}}},"1":{"name":"(anonymous_3)","decl":{"start":{"line":16,"column":2},"end":{"line":16,"column":7}},"loc":{"start":{"line":20,"column":5},"end":{"line":42,"column":3}}},"2":{"name":"(anonymous_4)","decl":{"start":{"line":44,"column":2},"end":{"line":44,"column":7}},"loc":{"start":{"line":44,"column":15},"end":{"line":46,"column":3}}},"3":{"name":"(anonymous_5)","decl":{"start":{"line":48,"column":2},"end":{"line":48,"column":7}},"loc":{"start":{"line":48,"column":38},"end":{"line":54,"column":3}}},"4":{"name":"(anonymous_6)","decl":{"start":{"line":56,"column":2},"end":{"line":56,"column":7}},"loc":{"start":{"line":56,"column":44},"end":{"line":62,"column":3}}},"5":{"name":"(anonymous_7)","decl":{"start":{"line":64,"column":2},"end":{"line":64,"column":7}},"loc":{"start":{"line":64,"column":47},"end":{"line":75,"column":3}}},"6":{"name":"(anonymous_8)","decl":{"start":{"line":77,"column":2},"end":{"line":77,"column":7}},"loc":{"start":{"line":77,"column":26},"end":{"line":79,"column":3}}},"7":{"name":"(anonymous_9)","decl":{"start":{"line":81,"column":2},"end":{"line":81,"column":7}},"loc":{"start":{"line":81,"column":47},"end":{"line":88,"column":3}}},"8":{"name":"(anonymous_10)","decl":{"start":{"line":90,"column":2},"end":{"line":90,"column":7}},"loc":{"start":{"line":90,"column":25},"end":{"line":92,"column":3}}}},"branchMap":{},"s":{"0":0,"1":0,"2":0,"3":0,"4":0,"5":0,"6":0,"7":0,"8":0,"9":0,"10":0,"11":0,"12":0,"13":0,"14":0,"15":0,"16":0,"17":0,"18":0,"19":0},"f":{"0":0,"1":0,"2":0,"3":0,"4":0,"5":0,"6":0,"7":0,"8":0},"b":{}}
,"/Users/tatianasousa/Downloads/ntest/src/bets/dto/create-bet.input.ts": {"path":"/Users/tatianasousa/Downloads/ntest/src/bets/dto/create-bet.input.ts","statementMap":{"0":{"start":{"line":1,"column":0},"end":{"line":1,"column":51}},"1":{"start":{"line":2,"column":0},"end":{"line":2,"column":66}},"2":{"start":{"line":5,"column":0},"end":{"line":20,"column":null}},"3":{"start":{"line":7,"column":2},"end":{"line":7,"column":null}},"4":{"start":{"line":10,"column":2},"end":{"line":10,"column":null}},"5":{"start":{"line":13,"column":2},"end":{"line":13,"column":null}},"6":{"start":{"line":16,"column":2},"end":{"line":16,"column":null}},"7":{"start":{"line":19,"column":2},"end":{"line":19,"column":null}},"8":{"start":{"line":5,"column":13},"end":{"line":20,"column":null}},"9":{"start":{"line":5,"column":13},"end":{"line":5,"column":27}}},"fnMap":{},"branchMap":{},"s":{"0":0,"1":0,"2":0,"3":0,"4":0,"5":0,"6":0,"7":0,"8":0,"9":0},"f":{},"b":{}}
,"/Users/tatianasousa/Downloads/ntest/src/bets/dto/update-bet.input.ts": {"path":"/Users/tatianasousa/Downloads/ntest/src/bets/dto/update-bet.input.ts","statementMap":{"0":{"start":{"line":1,"column":0},"end":{"line":1,"column":55}},"1":{"start":{"line":4,"column":0},"end":{"line":10,"column":null}},"2":{"start":{"line":6,"column":2},"end":{"line":6,"column":null}},"3":{"start":{"line":5,"column":15},"end":{"line":5,"column":17}},"4":{"start":{"line":9,"column":2},"end":{"line":9,"column":null}},"5":{"start":{"line":4,"column":13},"end":{"line":10,"column":null}},"6":{"start":{"line":4,"column":13},"end":{"line":4,"column":27}}},"fnMap":{"0":{"name":"(anonymous_2)","decl":{"start":{"line":5,"column":9},"end":{"line":5,"column":12}},"loc":{"start":{"line":5,"column":15},"end":{"line":5,"column":17}}}},"branchMap":{},"s":{"0":0,"1":0,"2":0,"3":0,"4":0,"5":0,"6":0},"f":{"0":0},"b":{}}
,"/Users/tatianasousa/Downloads/ntest/src/bets/entities/bet.entity.ts": {"path":"/Users/tatianasousa/Downloads/ntest/src/bets/entities/bet.entity.ts","statementMap":{"0":{"start":{"line":1,"column":0},"end":{"line":1,"column":61}},"1":{"start":{"line":2,"column":0},"end":{"line":2,"column":63}},"2":{"start":{"line":3,"column":0},"end":{"line":3,"column":54}},"3":{"start":{"line":6,"column":0},"end":{"line":42,"column":null}},"4":{"start":{"line":8,"column":2},"end":{"line":8,"column":null}},"5":{"start":{"line":7,"column":15},"end":{"line":7,"column":17}},"6":{"start":{"line":11,"column":2},"end":{"line":11,"column":null}},"7":{"start":{"line":14,"column":2},"end":{"line":14,"column":null}},"8":{"start":{"line":17,"column":2},"end":{"line":17,"column":null}},"9":{"start":{"line":20,"column":2},"end":{"line":20,"column":null}},"10":{"start":{"line":23,"column":2},"end":{"line":23,"column":null}},"11":{"start":{"line":26,"column":2},"end":{"line":26,"column":null}},"12":{"start":{"line":25,"column":15},"end":{"line":25,"column":19}},"13":{"start":{"line":29,"column":2},"end":{"line":29,"column":null}},"14":{"start":{"line":28,"column":15},"end":{"line":28,"column":22}},"15":{"start":{"line":32,"column":2},"end":{"line":32,"column":null}},"16":{"start":{"line":35,"column":2},"end":{"line":35,"column":null}},"17":{"start":{"line":34,"column":15},"end":{"line":34,"column":18}},"18":{"start":{"line":38,"column":2},"end":{"line":38,"column":null}},"19":{"start":{"line":41,"column":2},"end":{"line":41,"column":null}},"20":{"start":{"line":6,"column":13},"end":{"line":42,"column":null}},"21":{"start":{"line":6,"column":13},"end":{"line":6,"column":16}}},"fnMap":{"0":{"name":"(anonymous_2)","decl":{"start":{"line":7,"column":9},"end":{"line":7,"column":12}},"loc":{"start":{"line":7,"column":15},"end":{"line":7,"column":17}}},"1":{"name":"(anonymous_3)","decl":{"start":{"line":25,"column":9},"end":{"line":25,"column":12}},"loc":{"start":{"line":25,"column":15},"end":{"line":25,"column":19}}},"2":{"name":"(anonymous_4)","decl":{"start":{"line":28,"column":9},"end":{"line":28,"column":12}},"loc":{"start":{"line":28,"column":15},"end":{"line":28,"column":22}}},"3":{"name":"(anonymous_5)","decl":{"start":{"line":34,"column":9},"end":{"line":34,"column":12}},"loc":{"start":{"line":34,"column":15},"end":{"line":34,"column":18}}}},"branchMap":{},"s":{"0":0,"1":0,"2":0,"3":0,"4":0,"5":0,"6":0,"7":0,"8":0,"9":0,"10":0,"11":0,"12":0,"13":0,"14":0,"15":0,"16":0,"17":0,"18":0,"19":0,"20":0,"21":0},"f":{"0":0,"1":0,"2":0,"3":0},"b":{}}
,"/Users/tatianasousa/Downloads/ntest/src/bets/helpers/amount.helper.ts": {"path":"/Users/tatianasousa/Downloads/ntest/src/bets/helpers/amount.helper.ts","statementMap":{"0":{"start":{"line":10,"column":13},"end":{"line":13,"column":2}},"1":{"start":{"line":21,"column":2},"end":{"line":40,"column":null}},"2":{"start":{"line":23,"column":6},"end":{"line":27,"column":null}},"3":{"start":{"line":24,"column":8},"end":{"line":24,"column":38}},"4":{"start":{"line":26,"column":8},"end":{"line":26,"column":38}},"5":{"start":{"line":30,"column":6},"end":{"line":34,"column":null}},"6":{"start":{"line":31,"column":8},"end":{"line":31,"column":38}},"7":{"start":{"line":32,"column":13},"end":{"line":34,"column":null}},"8":{"start":{"line":33,"column":8},"end":{"line":33,"column":38}},"9":{"start":{"line":36,"column":6},"end":{"line":36,"column":42}},"10":{"start":{"line":39,"column":6},"end":{"line":39,"column":43}},"11":{"start":{"line":15,"column":0},"end":{"line":15,"column":16}}},"fnMap":{"0":{"name":"getBetAmount","decl":{"start":{"line":15,"column":16},"end":{"line":15,"column":28}},"loc":{"start":{"line":20,"column":21},"end":{"line":41,"column":1}}}},"branchMap":{"0":{"loc":{"start":{"line":21,"column":2},"end":{"line":40,"column":null}},"type":"switch","locations":[{"start":{"line":22,"column":4},"end":{"line":27,"column":null}},{"start":{"line":29,"column":4},"end":{"line":36,"column":42}},{"start":{"line":38,"column":4},"end":{"line":39,"column":43}}]},"1":{"loc":{"start":{"line":23,"column":6},"end":{"line":27,"column":null}},"type":"if","locations":[{"start":{"line":23,"column":6},"end":{"line":27,"column":null}},{"start":{"line":25,"column":13},"end":{"line":27,"column":null}}]},"2":{"loc":{"start":{"line":30,"column":6},"end":{"line":34,"column":null}},"type":"if","locations":[{"start":{"line":30,"column":6},"end":{"line":34,"column":null}},{"start":{"line":32,"column":13},"end":{"line":34,"column":null}}]},"3":{"loc":{"start":{"line":32,"column":13},"end":{"line":34,"column":null}},"type":"if","locations":[{"start":{"line":32,"column":13},"end":{"line":34,"column":null}}]}},"s":{"0":0,"1":0,"2":0,"3":0,"4":0,"5":0,"6":0,"7":0,"8":0,"9":0,"10":0,"11":0},"f":{"0":0},"b":{"0":[0,0,0],"1":[0,0],"2":[0,0],"3":[0]}}
,"/Users/tatianasousa/Downloads/ntest/src/bets/helpers/award.helper.ts": {"path":"/Users/tatianasousa/Downloads/ntest/src/bets/helpers/award.helper.ts","statementMap":{"0":{"start":{"line":18,"column":21},"end":{"line":23,"column":2}},"1":{"start":{"line":26,"column":2},"end":{"line":45,"column":null}},"2":{"start":{"line":28,"column":6},"end":{"line":34,"column":9}},"3":{"start":{"line":36,"column":6},"end":{"line":42,"column":9}},"4":{"start":{"line":44,"column":6},"end":{"line":44,"column":43}},"5":{"start":{"line":25,"column":0},"end":{"line":25,"column":16}},"6":{"start":{"line":49,"column":15},"end":{"line":49,"column":68}},"7":{"start":{"line":50,"column":15},"end":{"line":50,"column":36}},"8":{"start":{"line":52,"column":2},"end":{"line":59,"column":null}},"9":{"start":{"line":53,"column":4},"end":{"line":53,"column":25}},"10":{"start":{"line":54,"column":9},"end":{"line":59,"column":null}},"11":{"start":{"line":55,"column":18},"end":{"line":55,"column":56}},"12":{"start":{"line":56,"column":4},"end":{"line":58,"column":null}},"13":{"start":{"line":57,"column":6},"end":{"line":57,"column":54}},"14":{"start":{"line":61,"column":2},"end":{"line":61,"column":11}},"15":{"start":{"line":65,"column":23},"end":{"line":68,"column":4}},"16":{"start":{"line":70,"column":2},"end":{"line":105,"column":null}},"17":{"start":{"line":71,"column":18},"end":{"line":72,"column":null}},"18":{"start":{"line":72,"column":26},"end":{"line":72,"column":48}},"19":{"start":{"line":75,"column":4},"end":{"line":77,"column":null}},"20":{"start":{"line":76,"column":6},"end":{"line":76,"column":56}},"21":{"start":{"line":79,"column":23},"end":{"line":81,"column":67}},"22":{"start":{"line":80,"column":23},"end":{"line":80,"column":39}},"23":{"start":{"line":81,"column":29},"end":{"line":81,"column":66}},"24":{"start":{"line":83,"column":4},"end":{"line":86,"column":null}},"25":{"start":{"line":85,"column":6},"end":{"line":85,"column":27}},"26":{"start":{"line":87,"column":9},"end":{"line":105,"column":null}},"27":{"start":{"line":88,"column":18},"end":{"line":89,"column":null}},"28":{"start":{"line":89,"column":18},"end":{"line":89,"column":50}},"29":{"start":{"line":92,"column":4},"end":{"line":94,"column":null}},"30":{"start":{"line":93,"column":6},"end":{"line":93,"column":56}},"31":{"start":{"line":96,"column":24},"end":{"line":99,"column":null}},"32":{"start":{"line":98,"column":8},"end":{"line":99,"column":60}},"33":{"start":{"line":102,"column":4},"end":{"line":104,"column":null}},"34":{"start":{"line":103,"column":6},"end":{"line":103,"column":67}},"35":{"start":{"line":107,"column":2},"end":{"line":107,"column":11}},"36":{"start":{"line":111,"column":2},"end":{"line":123,"column":null}},"37":{"start":{"line":112,"column":18},"end":{"line":112,"column":34}},"38":{"start":{"line":113,"column":19},"end":{"line":113,"column":67}},"39":{"start":{"line":114,"column":18},"end":{"line":114,"column":66}},"40":{"start":{"line":116,"column":4},"end":{"line":116,"column":34}},"41":{"start":{"line":117,"column":9},"end":{"line":123,"column":null}},"42":{"start":{"line":118,"column":18},"end":{"line":118,"column":34}},"43":{"start":{"line":119,"column":19},"end":{"line":119,"column":41}},"44":{"start":{"line":120,"column":18},"end":{"line":120,"column":66}},"45":{"start":{"line":122,"column":4},"end":{"line":122,"column":34}},"46":{"start":{"line":126,"column":2},"end":{"line":129,"column":17}},"47":{"start":{"line":128,"column":21},"end":{"line":128,"column":37}}},"fnMap":{"0":{"name":"getBetAward","decl":{"start":{"line":25,"column":16},"end":{"line":25,"column":27}},"loc":{"start":{"line":25,"column":47},"end":{"line":46,"column":1}}},"1":{"name":"getDrawAward","decl":{"start":{"line":48,"column":9},"end":{"line":48,"column":21}},"loc":{"start":{"line":48,"column":42},"end":{"line":62,"column":1}}},"2":{"name":"getGameAward","decl":{"start":{"line":64,"column":9},"end":{"line":64,"column":21}},"loc":{"start":{"line":64,"column":42},"end":{"line":108,"column":1}}},"3":{"name":"(anonymous_3)","decl":{"start":{"line":72,"column":6},"end":{"line":72,"column":7}},"loc":{"start":{"line":72,"column":26},"end":{"line":72,"column":48}}},"4":{"name":"(anonymous_4)","decl":{"start":{"line":80,"column":11},"end":{"line":80,"column":12}},"loc":{"start":{"line":80,"column":23},"end":{"line":80,"column":39}}},"5":{"name":"(anonymous_5)","decl":{"start":{"line":81,"column":12},"end":{"line":81,"column":13}},"loc":{"start":{"line":81,"column":29},"end":{"line":81,"column":66}}},"6":{"name":"(anonymous_6)","decl":{"start":{"line":89,"column":6},"end":{"line":89,"column":7}},"loc":{"start":{"line":89,"column":18},"end":{"line":89,"column":50}}},"7":{"name":"(anonymous_7)","decl":{"start":{"line":97,"column":6},"end":{"line":97,"column":7}},"loc":{"start":{"line":98,"column":8},"end":{"line":99,"column":60}}},"8":{"name":"getDrawnTickets","decl":{"start":{"line":110,"column":9},"end":{"line":110,"column":24}},"loc":{"start":{"line":110,"column":58},"end":{"line":130,"column":1}}},"9":{"name":"(anonymous_9)","decl":{"start":{"line":128,"column":9},"end":{"line":128,"column":10}},"loc":{"start":{"line":128,"column":21},"end":{"line":128,"column":37}}}},"branchMap":{"0":{"loc":{"start":{"line":26,"column":2},"end":{"line":45,"column":null}},"type":"switch","locations":[{"start":{"line":27,"column":4},"end":{"line":34,"column":9}},{"start":{"line":35,"column":4},"end":{"line":42,"column":9}},{"start":{"line":43,"column":4},"end":{"line":44,"column":43}}]},"1":{"loc":{"start":{"line":52,"column":2},"end":{"line":59,"column":null}},"type":"if","locations":[{"start":{"line":52,"column":2},"end":{"line":59,"column":null}},{"start":{"line":54,"column":9},"end":{"line":59,"column":null}}]},"2":{"loc":{"start":{"line":54,"column":9},"end":{"line":59,"column":null}},"type":"if","locations":[{"start":{"line":54,"column":9},"end":{"line":59,"column":null}}]},"3":{"loc":{"start":{"line":55,"column":18},"end":{"line":55,"column":56}},"type":"binary-expr","locations":[{"start":{"line":55,"column":18},"end":{"line":55,"column":35}},{"start":{"line":55,"column":39},"end":{"line":55,"column":56}}]},"4":{"loc":{"start":{"line":56,"column":4},"end":{"line":58,"column":null}},"type":"if","locations":[{"start":{"line":56,"column":4},"end":{"line":58,"column":null}}]},"5":{"loc":{"start":{"line":70,"column":2},"end":{"line":105,"column":null}},"type":"if","locations":[{"start":{"line":70,"column":2},"end":{"line":105,"column":null}},{"start":{"line":87,"column":9},"end":{"line":105,"column":null}}]},"6":{"loc":{"start":{"line":75,"column":4},"end":{"line":77,"column":null}},"type":"if","locations":[{"start":{"line":75,"column":4},"end":{"line":77,"column":null}}]},"7":{"loc":{"start":{"line":83,"column":4},"end":{"line":86,"column":null}},"type":"if","locations":[{"start":{"line":83,"column":4},"end":{"line":86,"column":null}}]},"8":{"loc":{"start":{"line":87,"column":9},"end":{"line":105,"column":null}},"type":"if","locations":[{"start":{"line":87,"column":9},"end":{"line":105,"column":null}}]},"9":{"loc":{"start":{"line":92,"column":4},"end":{"line":94,"column":null}},"type":"if","locations":[{"start":{"line":92,"column":4},"end":{"line":94,"column":null}}]},"10":{"loc":{"start":{"line":98,"column":8},"end":{"line":99,"column":60}},"type":"binary-expr","locations":[{"start":{"line":98,"column":8},"end":{"line":98,"column":60}},{"start":{"line":99,"column":8},"end":{"line":99,"column":60}}]},"11":{"loc":{"start":{"line":102,"column":4},"end":{"line":104,"column":null}},"type":"if","locations":[{"start":{"line":102,"column":4},"end":{"line":104,"column":null}}]},"12":{"loc":{"start":{"line":111,"column":2},"end":{"line":123,"column":null}},"type":"if","locations":[{"start":{"line":111,"column":2},"end":{"line":123,"column":null}},{"start":{"line":117,"column":9},"end":{"line":123,"column":null}}]},"13":{"loc":{"start":{"line":117,"column":9},"end":{"line":123,"column":null}},"type":"if","locations":[{"start":{"line":117,"column":9},"end":{"line":123,"column":null}}]}},"s":{"0":0,"1":0,"2":0,"3":0,"4":0,"5":0,"6":0,"7":0,"8":0,"9":0,"10":0,"11":0,"12":0,"13":0,"14":0,"15":0,"16":0,"17":0,"18":0,"19":0,"20":0,"21":0,"22":0,"23":0,"24":0,"25":0,"26":0,"27":0,"28":0,"29":0,"30":0,"31":0,"32":0,"33":0,"34":0,"35":0,"36":0,"37":0,"38":0,"39":0,"40":0,"41":0,"42":0,"43":0,"44":0,"45":0,"46":0,"47":0},"f":{"0":0,"1":0,"2":0,"3":0,"4":0,"5":0,"6":0,"7":0,"8":0,"9":0},"b":{"0":[0,0,0],"1":[0,0],"2":[0],"3":[0,0],"4":[0],"5":[0,0],"6":[0],"7":[0],"8":[0],"9":[0],"10":[0,0],"11":[0],"12":[0,0],"13":[0]}}
,"/Users/tatianasousa/Downloads/ntest/src/bets/listeners/game-result.listener.ts": {"path":"/Users/tatianasousa/Downloads/ntest/src/bets/listeners/game-result.listener.ts","statementMap":{"0":{"start":{"line":2,"column":0},"end":{"line":2,"column":44}},"1":{"start":{"line":3,"column":0},"end":{"line":3,"column":48}},"2":{"start":{"line":4,"column":0},"end":{"line":4,"column":46}},"3":{"start":{"line":5,"column":0},"end":{"line":5,"column":54}},"4":{"start":{"line":8,"column":0},"end":{"line":33,"column":null}},"5":{"start":{"line":11,"column":22},"end":{"line":11,"column":35}},"6":{"start":{"line":16,"column":17},"end":{"line":16,"column":67}},"7":{"start":{"line":18,"column":4},"end":{"line":31,"column":null}},"8":{"start":{"line":19,"column":20},"end":{"line":28,"column":8}},"9":{"start":{"line":30,"column":6},"end":{"line":30,"column":67}},"10":{"start":{"line":14,"column":2},"end":{"line":32,"column":null}},"11":{"start":{"line":8,"column":13},"end":{"line":33,"column":null}},"12":{"start":{"line":8,"column":13},"end":{"line":8,"column":31}}},"fnMap":{"0":{"name":"(anonymous_2)","decl":{"start":{"line":11,"column":2},"end":{"line":11,"column":22}},"loc":{"start":{"line":11,"column":46},"end":{"line":11,"column":50}}},"1":{"name":"(anonymous_3)","decl":{"start":{"line":14,"column":2},"end":{"line":14,"column":7}},"loc":{"start":{"line":14,"column":45},"end":{"line":32,"column":3}}}},"branchMap":{},"s":{"0":0,"1":0,"2":0,"3":0,"4":0,"5":0,"6":0,"7":0,"8":0,"9":0,"10":0,"11":0,"12":0},"f":{"0":0,"1":0},"b":{}}
,"/Users/tatianasousa/Downloads/ntest/src/common/generics/pagination.entity.ts": {"path":"/Users/tatianasousa/Downloads/ntest/src/common/generics/pagination.entity.ts","statementMap":{"0":{"start":{"line":2,"column":0},"end":{"line":2,"column":67}},"1":{"start":{"line":23,"column":0},"end":{"line":35,"column":null}},"2":{"start":{"line":25,"column":2},"end":{"line":25,"column":null}},"3":{"start":{"line":28,"column":2},"end":{"line":28,"column":null}},"4":{"start":{"line":31,"column":2},"end":{"line":31,"column":null}},"5":{"start":{"line":34,"column":2},"end":{"line":34,"column":null}},"6":{"start":{"line":23,"column":6},"end":{"line":35,"column":null}},"7":{"start":{"line":38,"column":0},"end":{"line":50,"column":null}},"8":{"start":{"line":40,"column":2},"end":{"line":40,"column":null}},"9":{"start":{"line":43,"column":2},"end":{"line":43,"column":null}},"10":{"start":{"line":46,"column":2},"end":{"line":46,"column":null}},"11":{"start":{"line":45,"column":15},"end":{"line":45,"column":18}},"12":{"start":{"line":49,"column":2},"end":{"line":49,"column":null}},"13":{"start":{"line":48,"column":15},"end":{"line":48,"column":18}},"14":{"start":{"line":38,"column":13},"end":{"line":50,"column":null}},"15":{"start":{"line":38,"column":13},"end":{"line":38,"column":27}},"16":{"start":{"line":54,"column":2},"end":{"line":60,"column":null}},"17":{"start":{"line":56,"column":4},"end":{"line":56,"column":null}},"18":{"start":{"line":55,"column":17},"end":{"line":55,"column":23}},"19":{"start":{"line":59,"column":4},"end":{"line":59,"column":null}},"20":{"start":{"line":58,"column":17},"end":{"line":58,"column":25}},"21":{"start":{"line":54,"column":17},"end":{"line":60,"column":null}},"22":{"start":{"line":63,"column":2},"end":{"line":72,"column":null}},"23":{"start":{"line":65,"column":4},"end":{"line":65,"column":null}},"24":{"start":{"line":64,"column":17},"end":{"line":64,"column":27}},"25":{"start":{"line":68,"column":4},"end":{"line":68,"column":null}},"26":{"start":{"line":67,"column":17},"end":{"line":67,"column":20}},"27":{"start":{"line":71,"column":4},"end":{"line":71,"column":null}},"28":{"start":{"line":70,"column":17},"end":{"line":70,"column":25}},"29":{"start":{"line":63,"column":17},"end":{"line":72,"column":null}},"30":{"start":{"line":74,"column":2},"end":{"line":74,"column":52}},"31":{"start":{"line":52,"column":0},"end":{"line":52,"column":16}}},"fnMap":{"0":{"name":"(anonymous_2)","decl":{"start":{"line":45,"column":9},"end":{"line":45,"column":12}},"loc":{"start":{"line":45,"column":15},"end":{"line":45,"column":18}}},"1":{"name":"(anonymous_3)","decl":{"start":{"line":48,"column":9},"end":{"line":48,"column":12}},"loc":{"start":{"line":48,"column":15},"end":{"line":48,"column":18}}},"2":{"name":"Connection","decl":{"start":{"line":52,"column":16},"end":{"line":52,"column":26}},"loc":{"start":{"line":52,"column":47},"end":{"line":75,"column":1}}},"3":{"name":"(anonymous_5)","decl":{"start":{"line":55,"column":11},"end":{"line":55,"column":14}},"loc":{"start":{"line":55,"column":17},"end":{"line":55,"column":23}}},"4":{"name":"(anonymous_6)","decl":{"start":{"line":58,"column":11},"end":{"line":58,"column":14}},"loc":{"start":{"line":58,"column":17},"end":{"line":58,"column":25}}},"5":{"name":"(anonymous_7)","decl":{"start":{"line":64,"column":11},"end":{"line":64,"column":14}},"loc":{"start":{"line":64,"column":17},"end":{"line":64,"column":27}}},"6":{"name":"(anonymous_8)","decl":{"start":{"line":67,"column":11},"end":{"line":67,"column":14}},"loc":{"start":{"line":67,"column":17},"end":{"line":67,"column":20}}},"7":{"name":"(anonymous_9)","decl":{"start":{"line":70,"column":11},"end":{"line":70,"column":14}},"loc":{"start":{"line":70,"column":17},"end":{"line":70,"column":25}}}},"branchMap":{},"s":{"0":0,"1":0,"2":0,"3":0,"4":0,"5":0,"6":0,"7":0,"8":0,"9":0,"10":0,"11":0,"12":0,"13":0,"14":0,"15":0,"16":0,"17":0,"18":0,"19":0,"20":0,"21":0,"22":0,"23":0,"24":0,"25":0,"26":0,"27":0,"28":0,"29":0,"30":0,"31":0},"f":{"0":0,"1":0,"2":0,"3":0,"4":0,"5":0,"6":0,"7":0},"b":{}}
,"/Users/tatianasousa/Downloads/ntest/src/common/scalars/date.scalar.ts": {"path":"/Users/tatianasousa/Downloads/ntest/src/common/scalars/date.scalar.ts","statementMap":{"0":{"start":{"line":1,"column":0},"end":{"line":1,"column":55}},"1":{"start":{"line":2,"column":0},"end":{"line":2,"column":42}},"2":{"start":{"line":5,"column":0},"end":{"line":22,"column":null}},"3":{"start":{"line":6,"column":2},"end":{"line":6,"column":42}},"4":{"start":{"line":9,"column":4},"end":{"line":9,"column":27}},"5":{"start":{"line":13,"column":4},"end":{"line":13,"column":27}},"6":{"start":{"line":17,"column":4},"end":{"line":19,"column":null}},"7":{"start":{"line":18,"column":6},"end":{"line":18,"column":33}},"8":{"start":{"line":20,"column":4},"end":{"line":20,"column":16}},"9":{"start":{"line":5,"column":13},"end":{"line":22,"column":null}},"10":{"start":{"line":4,"column":22},"end":{"line":4,"column":26}},"11":{"start":{"line":5,"column":13},"end":{"line":5,"column":23}}},"fnMap":{"0":{"name":"(anonymous_1)","decl":{"start":{"line":5,"column":0},"end":{"line":5,"column":13}},"loc":{"start":{"line":5,"column":0},"end":{"line":22,"column":1}}},"1":{"name":"(anonymous_2)","decl":{"start":{"line":8,"column":2},"end":{"line":8,"column":12}},"loc":{"start":{"line":8,"column":26},"end":{"line":10,"column":3}}},"2":{"name":"(anonymous_3)","decl":{"start":{"line":12,"column":2},"end":{"line":12,"column":11}},"loc":{"start":{"line":12,"column":23},"end":{"line":14,"column":3}}},"3":{"name":"(anonymous_4)","decl":{"start":{"line":16,"column":2},"end":{"line":16,"column":14}},"loc":{"start":{"line":16,"column":29},"end":{"line":21,"column":3}}},"4":{"name":"(anonymous_5)","decl":{"start":{"line":4,"column":16},"end":{"line":4,"column":19}},"loc":{"start":{"line":4,"column":22},"end":{"line":4,"column":26}}}},"branchMap":{"0":{"loc":{"start":{"line":17,"column":4},"end":{"line":19,"column":null}},"type":"if","locations":[{"start":{"line":17,"column":4},"end":{"line":19,"column":null}}]}},"s":{"0":0,"1":0,"2":0,"3":0,"4":0,"5":0,"6":0,"7":0,"8":0,"9":0,"10":0,"11":0},"f":{"0":0,"1":0,"2":0,"3":0,"4":0},"b":{"0":[0]}}
,"/Users/tatianasousa/Downloads/ntest/src/games/contants.ts": {"path":"/Users/tatianasousa/Downloads/ntest/src/games/contants.ts","statementMap":{"0":{"start":{"line":1,"column":13},"end":{"line":3,"column":2}}},"fnMap":{},"branchMap":{},"s":{"0":1},"f":{},"b":{}}
,"/Users/tatianasousa/Downloads/ntest/src/games/games.module.ts": {"path":"/Users/tatianasousa/Downloads/ntest/src/games/games.module.ts","statementMap":{"0":{"start":{"line":1,"column":0},"end":{"line":1,"column":40}},"1":{"start":{"line":2,"column":0},"end":{"line":2,"column":47}},"2":{"start":{"line":3,"column":0},"end":{"line":3,"column":49}},"3":{"start":{"line":4,"column":0},"end":{"line":4,"column":58}},"4":{"start":{"line":5,"column":0},"end":{"line":5,"column":64}},"5":{"start":{"line":11,"column":0},"end":{"line":11,"column":null}},"6":{"start":{"line":11,"column":13},"end":{"line":11,"column":null}},"7":{"start":{"line":11,"column":13},"end":{"line":11,"column":24}}},"fnMap":{},"branchMap":{},"s":{"0":0,"1":0,"2":0,"3":0,"4":0,"5":0,"6":0,"7":0},"f":{},"b":{}}
,"/Users/tatianasousa/Downloads/ntest/src/games/games.resolver.ts": {"path":"/Users/tatianasousa/Downloads/ntest/src/games/games.resolver.ts","statementMap":{"0":{"start":{"line":1,"column":0},"end":{"line":1,"column":43}},"1":{"start":{"line":2,"column":0},"end":{"line":2,"column":70}},"2":{"start":{"line":3,"column":0},"end":{"line":3,"column":73}},"3":{"start":{"line":4,"column":0},"end":{"line":4,"column":62}},"4":{"start":{"line":6,"column":0},"end":{"line":6,"column":58}},"5":{"start":{"line":7,"column":0},"end":{"line":7,"column":58}},"6":{"start":{"line":8,"column":0},"end":{"line":8,"column":null}},"7":{"start":{"line":12,"column":0},"end":{"line":12,"column":59}},"8":{"start":{"line":13,"column":0},"end":{"line":13,"column":62}},"9":{"start":{"line":14,"column":0},"end":{"line":14,"column":63}},"10":{"start":{"line":15,"column":0},"end":{"line":15,"column":47}},"11":{"start":{"line":16,"column":0},"end":{"line":16,"column":62}},"12":{"start":{"line":20,"column":0},"end":{"line":67,"column":null}},"13":{"start":{"line":21,"column":31},"end":{"line":21,"column":45}},"14":{"start":{"line":25,"column":4},"end":{"line":25,"column":43}},"15":{"start":{"line":30,"column":4},"end":{"line":30,"column":44}},"16":{"start":{"line":38,"column":4},"end":{"line":38,"column":60}},"17":{"start":{"line":43,"column":4},"end":{"line":43,"column":45}},"18":{"start":{"line":50,"column":4},"end":{"line":50,"column":43}},"19":{"start":{"line":55,"column":4},"end":{"line":55,"column":53}},"20":{"start":{"line":60,"column":4},"end":{"line":60,"column":66}},"21":{"start":{"line":65,"column":4},"end":{"line":65,"column":40}},"22":{"start":{"line":24,"column":2},"end":{"line":26,"column":null}},"23":{"start":{"line":23,"column":18},"end":{"line":23,"column":22}},"24":{"start":{"line":29,"column":2},"end":{"line":31,"column":null}},"25":{"start":{"line":28,"column":15},"end":{"line":28,"column":29}},"26":{"start":{"line":34,"column":2},"end":{"line":39,"column":null}},"27":{"start":{"line":33,"column":15},"end":{"line":33,"column":29}},"28":{"start":{"line":42,"column":2},"end":{"line":44,"column":null}},"29":{"start":{"line":41,"column":15},"end":{"line":41,"column":19}},"30":{"start":{"line":42,"column":36},"end":{"line":42,"column":38}},"31":{"start":{"line":47,"column":2},"end":{"line":51,"column":null}},"32":{"start":{"line":46,"column":15},"end":{"line":46,"column":25}},"33":{"start":{"line":54,"column":2},"end":{"line":56,"column":null}},"34":{"start":{"line":53,"column":18},"end":{"line":53,"column":22}},"35":{"start":{"line":59,"column":2},"end":{"line":61,"column":null}},"36":{"start":{"line":58,"column":18},"end":{"line":58,"column":22}},"37":{"start":{"line":64,"column":2},"end":{"line":66,"column":null}},"38":{"start":{"line":63,"column":18},"end":{"line":63,"column":22}},"39":{"start":{"line":64,"column":39},"end":{"line":64,"column":41}},"40":{"start":{"line":20,"column":13},"end":{"line":67,"column":null}},"41":{"start":{"line":19,"column":16},"end":{"line":19,"column":20}},"42":{"start":{"line":20,"column":13},"end":{"line":20,"column":26}}},"fnMap":{"0":{"name":"(anonymous_4)","decl":{"start":{"line":21,"column":2},"end":{"line":21,"column":31}},"loc":{"start":{"line":21,"column":57},"end":{"line":21,"column":61}}},"1":{"name":"(anonymous_5)","decl":{"start":{"line":24,"column":2},"end":{"line":24,"column":12}},"loc":{"start":{"line":24,"column":50},"end":{"line":26,"column":3}}},"2":{"name":"(anonymous_6)","decl":{"start":{"line":29,"column":2},"end":{"line":29,"column":19}},"loc":{"start":{"line":29,"column":19},"end":{"line":31,"column":3}}},"3":{"name":"(anonymous_7)","decl":{"start":{"line":34,"column":2},"end":{"line":34,"column":17}},"loc":{"start":{"line":36,"column":37},"end":{"line":39,"column":3}}},"4":{"name":"(anonymous_8)","decl":{"start":{"line":42,"column":2},"end":{"line":42,"column":9}},"loc":{"start":{"line":42,"column":52},"end":{"line":44,"column":3}}},"5":{"name":"(anonymous_9)","decl":{"start":{"line":47,"column":2},"end":{"line":47,"column":7}},"loc":{"start":{"line":48,"column":32},"end":{"line":51,"column":3}}},"6":{"name":"(anonymous_10)","decl":{"start":{"line":54,"column":2},"end":{"line":54,"column":12}},"loc":{"start":{"line":54,"column":50},"end":{"line":56,"column":3}}},"7":{"name":"(anonymous_11)","decl":{"start":{"line":59,"column":2},"end":{"line":59,"column":18}},"loc":{"start":{"line":59,"column":62},"end":{"line":61,"column":3}}},"8":{"name":"(anonymous_12)","decl":{"start":{"line":64,"column":2},"end":{"line":64,"column":12}},"loc":{"start":{"line":64,"column":55},"end":{"line":66,"column":3}}},"9":{"name":"(anonymous_13)","decl":{"start":{"line":23,"column":12},"end":{"line":23,"column":15}},"loc":{"start":{"line":23,"column":18},"end":{"line":23,"column":22}}},"10":{"name":"(anonymous_14)","decl":{"start":{"line":28,"column":9},"end":{"line":28,"column":12}},"loc":{"start":{"line":28,"column":15},"end":{"line":28,"column":29}}},"11":{"name":"(anonymous_15)","decl":{"start":{"line":33,"column":9},"end":{"line":33,"column":12}},"loc":{"start":{"line":33,"column":15},"end":{"line":33,"column":29}}},"12":{"name":"(anonymous_16)","decl":{"start":{"line":41,"column":9},"end":{"line":41,"column":12}},"loc":{"start":{"line":41,"column":15},"end":{"line":41,"column":19}}},"13":{"name":"(anonymous_17)","decl":{"start":{"line":42,"column":30},"end":{"line":42,"column":33}},"loc":{"start":{"line":42,"column":36},"end":{"line":42,"column":38}}},"14":{"name":"(anonymous_18)","decl":{"start":{"line":46,"column":9},"end":{"line":46,"column":12}},"loc":{"start":{"line":46,"column":15},"end":{"line":46,"column":25}}},"15":{"name":"(anonymous_19)","decl":{"start":{"line":53,"column":12},"end":{"line":53,"column":15}},"loc":{"start":{"line":53,"column":18},"end":{"line":53,"column":22}}},"16":{"name":"(anonymous_20)","decl":{"start":{"line":58,"column":12},"end":{"line":58,"column":15}},"loc":{"start":{"line":58,"column":18},"end":{"line":58,"column":22}}},"17":{"name":"(anonymous_21)","decl":{"start":{"line":63,"column":12},"end":{"line":63,"column":15}},"loc":{"start":{"line":63,"column":18},"end":{"line":63,"column":22}}},"18":{"name":"(anonymous_22)","decl":{"start":{"line":64,"column":33},"end":{"line":64,"column":36}},"loc":{"start":{"line":64,"column":39},"end":{"line":64,"column":41}}},"19":{"name":"(anonymous_23)","decl":{"start":{"line":19,"column":10},"end":{"line":19,"column":13}},"loc":{"start":{"line":19,"column":16},"end":{"line":19,"column":20}}}},"branchMap":{},"s":{"0":0,"1":0,"2":0,"3":0,"4":0,"5":0,"6":0,"7":0,"8":0,"9":0,"10":0,"11":0,"12":0,"13":0,"14":0,"15":0,"16":0,"17":0,"18":0,"19":0,"20":0,"21":0,"22":0,"23":0,"24":0,"25":0,"26":0,"27":0,"28":0,"29":0,"30":0,"31":0,"32":0,"33":0,"34":0,"35":0,"36":0,"37":0,"38":0,"39":0,"40":0,"41":0,"42":0},"f":{"0":0,"1":0,"2":0,"3":0,"4":0,"5":0,"6":0,"7":0,"8":0,"9":0,"10":0,"11":0,"12":0,"13":0,"14":0,"15":0,"16":0,"17":0,"18":0,"19":0},"b":{}}
,"/Users/tatianasousa/Downloads/ntest/src/games/games.service.ts": {"path":"/Users/tatianasousa/Downloads/ntest/src/games/games.service.ts","statementMap":{"0":{"start":{"line":2,"column":0},"end":{"line":2,"column":82}},"1":{"start":{"line":3,"column":0},"end":{"line":3,"column":65}},"2":{"start":{"line":4,"column":0},"end":{"line":4,"column":46}},"3":{"start":{"line":5,"column":0},"end":{"line":5,"column":33}},"4":{"start":{"line":6,"column":0},"end":{"line":6,"column":58}},"5":{"start":{"line":8,"column":0},"end":{"line":8,"column":41}},"6":{"start":{"line":12,"column":0},"end":{"line":12,"column":62}},"7":{"start":{"line":14,"column":0},"end":{"line":14,"column":57}},"8":{"start":{"line":17,"column":0},"end":{"line":165,"column":null}},"9":{"start":{"line":19,"column":12},"end":{"line":19,"column":20}},"10":{"start":{"line":20,"column":12},"end":{"line":20,"column":26}},"11":{"start":{"line":24,"column":30},"end":{"line":24,"column":34}},"12":{"start":{"line":26,"column":17},"end":{"line":26,"column":39}},"13":{"start":{"line":28,"column":4},"end":{"line":30,"column":null}},"14":{"start":{"line":29,"column":6},"end":{"line":29,"column":65}},"15":{"start":{"line":32,"column":4},"end":{"line":40,"column":7}},"16":{"start":{"line":44,"column":30},"end":{"line":44,"column":34}},"17":{"start":{"line":46,"column":17},"end":{"line":46,"column":63}},"18":{"start":{"line":48,"column":4},"end":{"line":50,"column":null}},"19":{"start":{"line":49,"column":6},"end":{"line":49,"column":18}},"20":{"start":{"line":52,"column":4},"end":{"line":52,"column":35}},"21":{"start":{"line":56,"column":4},"end":{"line":56,"column":45}},"22":{"start":{"line":60,"column":4},"end":{"line":69,"column":7}},"23":{"start":{"line":76,"column":54},"end":{"line":95,"column":6}},"24":{"start":{"line":97,"column":18},"end":{"line":106,"column":null}},"25":{"start":{"line":99,"column":8},"end":{"line":99,"column":75}},"26":{"start":{"line":100,"column":12},"end":{"line":100,"column":69}},"27":{"start":{"line":109,"column":4},"end":{"line":109,"column":17}},"28":{"start":{"line":113,"column":4},"end":{"line":117,"column":7}},"29":{"start":{"line":121,"column":4},"end":{"line":121,"column":26}},"30":{"start":{"line":125,"column":18},"end":{"line":125,"column":44}},"31":{"start":{"line":126,"column":4},"end":{"line":131,"column":7}},"32":{"start":{"line":135,"column":17},"end":{"line":142,"column":6}},"33":{"start":{"line":144,"column":4},"end":{"line":144,"column":16}},"34":{"start":{"line":148,"column":17},"end":{"line":155,"column":6}},"35":{"start":{"line":157,"column":4},"end":{"line":157,"column":56}},"36":{"start":{"line":159,"column":4},"end":{"line":159,"column":16}},"37":{"start":{"line":163,"column":4},"end":{"line":163,"column":60}},"38":{"start":{"line":17,"column":13},"end":{"line":165,"column":null}},"39":{"start":{"line":17,"column":13},"end":{"line":17,"column":25}}},"fnMap":{"0":{"name":"(anonymous_2)","decl":{"start":{"line":18,"column":2},"end":{"line":18,"column":null}},"loc":{"start":{"line":20,"column":39},"end":{"line":21,"column":6}}},"1":{"name":"(anonymous_3)","decl":{"start":{"line":23,"column":2},"end":{"line":23,"column":7}},"loc":{"start":{"line":23,"column":36},"end":{"line":41,"column":3}}},"2":{"name":"(anonymous_4)","decl":{"start":{"line":43,"column":2},"end":{"line":43,"column":7}},"loc":{"start":{"line":43,"column":42},"end":{"line":53,"column":3}}},"3":{"name":"(anonymous_5)","decl":{"start":{"line":55,"column":2},"end":{"line":55,"column":7}},"loc":{"start":{"line":55,"column":15},"end":{"line":57,"column":3}}},"4":{"name":"(anonymous_6)","decl":{"start":{"line":59,"column":2},"end":{"line":59,"column":7}},"loc":{"start":{"line":59,"column":30},"end":{"line":70,"column":3}}},"5":{"name":"(anonymous_7)","decl":{"start":{"line":72,"column":2},"end":{"line":72,"column":7}},"loc":{"start":{"line":74,"column":29},"end":{"line":110,"column":3}}},"6":{"name":"(anonymous_8)","decl":{"start":{"line":98,"column":6},"end":{"line":98,"column":7}},"loc":{"start":{"line":99,"column":8},"end":{"line":99,"column":75}}},"7":{"name":"(anonymous_9)","decl":{"start":{"line":100,"column":6},"end":{"line":100,"column":9}},"loc":{"start":{"line":100,"column":12},"end":{"line":100,"column":69}}},"8":{"name":"(anonymous_10)","decl":{"start":{"line":112,"column":2},"end":{"line":112,"column":7}},"loc":{"start":{"line":112,"column":60},"end":{"line":118,"column":3}}},"9":{"name":"(anonymous_11)","decl":{"start":{"line":120,"column":2},"end":{"line":120,"column":14}},"loc":{"start":{"line":120,"column":14},"end":{"line":122,"column":3}}},"10":{"name":"(anonymous_12)","decl":{"start":{"line":124,"column":2},"end":{"line":124,"column":7}},"loc":{"start":{"line":124,"column":29},"end":{"line":132,"column":3}}},"11":{"name":"(anonymous_13)","decl":{"start":{"line":134,"column":2},"end":{"line":134,"column":7}},"loc":{"start":{"line":134,"column":48},"end":{"line":145,"column":3}}},"12":{"name":"(anonymous_14)","decl":{"start":{"line":147,"column":2},"end":{"line":147,"column":7}},"loc":{"start":{"line":147,"column":47},"end":{"line":160,"column":3}}},"13":{"name":"(anonymous_15)","decl":{"start":{"line":162,"column":2},"end":{"line":162,"column":7}},"loc":{"start":{"line":162,"column":25},"end":{"line":164,"column":3}}}},"branchMap":{"0":{"loc":{"start":{"line":28,"column":4},"end":{"line":30,"column":null}},"type":"if","locations":[{"start":{"line":28,"column":4},"end":{"line":30,"column":null}}]},"1":{"loc":{"start":{"line":48,"column":4},"end":{"line":50,"column":null}},"type":"if","locations":[{"start":{"line":48,"column":4},"end":{"line":50,"column":null}}]},"2":{"loc":{"start":{"line":79,"column":16},"end":{"line":83,"column":21}},"type":"cond-expr","locations":[{"start":{"line":80,"column":12},"end":{"line":82,"column":null}},{"start":{"line":83,"column":12},"end":{"line":83,"column":21}}]}},"s":{"0":0,"1":0,"2":0,"3":0,"4":0,"5":0,"6":0,"7":0,"8":0,"9":0,"10":0,"11":0,"12":0,"13":0,"14":0,"15":0,"16":0,"17":0,"18":0,"19":0,"20":0,"21":0,"22":0,"23":0,"24":0,"25":0,"26":0,"27":0,"28":0,"29":0,"30":0,"31":0,"32":0,"33":0,"34":0,"35":0,"36":0,"37":0,"38":0,"39":0},"f":{"0":0,"1":0,"2":0,"3":0,"4":0,"5":0,"6":0,"7":0,"8":0,"9":0,"10":0,"11":0,"12":0,"13":0},"b":{"0":[0],"1":[0],"2":[0,0]}}
,"/Users/tatianasousa/Downloads/ntest/src/games/data/raw-games.ts": {"path":"/Users/tatianasousa/Downloads/ntest/src/games/data/raw-games.ts","statementMap":{"0":{"start":{"line":3,"column":25},"end":{"line":76,"column":2}},"1":{"start":{"line":78,"column":0},"end":{"line":78,"column":21}}},"fnMap":{},"branchMap":{},"s":{"0":1,"1":1},"f":{},"b":{}}
,"/Users/tatianasousa/Downloads/ntest/src/games/dto/create-game.input.ts": {"path":"/Users/tatianasousa/Downloads/ntest/src/games/dto/create-game.input.ts","statementMap":{"0":{"start":{"line":1,"column":0},"end":{"line":1,"column":51}},"1":{"start":{"line":5,"column":0},"end":{"line":11,"column":null}},"2":{"start":{"line":7,"column":2},"end":{"line":7,"column":null}},"3":{"start":{"line":10,"column":2},"end":{"line":10,"column":null}},"4":{"start":{"line":5,"column":13},"end":{"line":11,"column":null}},"5":{"start":{"line":5,"column":13},"end":{"line":5,"column":28}}},"fnMap":{},"branchMap":{},"s":{"0":0,"1":0,"2":0,"3":0,"4":0,"5":0},"f":{},"b":{}}
,"/Users/tatianasousa/Downloads/ntest/src/games/dto/generics.args.ts": {"path":"/Users/tatianasousa/Downloads/ntest/src/games/dto/generics.args.ts","statementMap":{"0":{"start":{"line":1,"column":0},"end":{"line":1,"column":50}},"1":{"start":{"line":2,"column":0},"end":{"line":2,"column":71}},"2":{"start":{"line":5,"column":0},"end":{"line":11,"column":null}},"3":{"start":{"line":7,"column":2},"end":{"line":7,"column":null}},"4":{"start":{"line":10,"column":2},"end":{"line":10,"column":null}},"5":{"start":{"line":5,"column":13},"end":{"line":11,"column":null}},"6":{"start":{"line":5,"column":13},"end":{"line":5,"column":32}}},"fnMap":{},"branchMap":{},"s":{"0":0,"1":0,"2":0,"3":0,"4":0,"5":0,"6":0},"f":{},"b":{}}
,"/Users/tatianasousa/Downloads/ntest/src/games/dto/update-game.input.ts": {"path":"/Users/tatianasousa/Downloads/ntest/src/games/dto/update-game.input.ts","statementMap":{"0":{"start":{"line":1,"column":0},"end":{"line":1,"column":55}},"1":{"start":{"line":2,"column":0},"end":{"line":2,"column":47}},"2":{"start":{"line":5,"column":0},"end":{"line":8,"column":null}},"3":{"start":{"line":7,"column":2},"end":{"line":7,"column":null}},"4":{"start":{"line":6,"column":15},"end":{"line":6,"column":17}},"5":{"start":{"line":5,"column":13},"end":{"line":8,"column":null}},"6":{"start":{"line":5,"column":13},"end":{"line":5,"column":28}},"7":{"start":{"line":11,"column":0},"end":{"line":17,"column":null}},"8":{"start":{"line":13,"column":2},"end":{"line":13,"column":null}},"9":{"start":{"line":12,"column":15},"end":{"line":12,"column":17}},"10":{"start":{"line":16,"column":2},"end":{"line":16,"column":null}},"11":{"start":{"line":11,"column":13},"end":{"line":17,"column":null}},"12":{"start":{"line":11,"column":13},"end":{"line":11,"column":34}}},"fnMap":{"0":{"name":"(anonymous_2)","decl":{"start":{"line":6,"column":9},"end":{"line":6,"column":12}},"loc":{"start":{"line":6,"column":15},"end":{"line":6,"column":17}}},"1":{"name":"(anonymous_3)","decl":{"start":{"line":12,"column":9},"end":{"line":12,"column":12}},"loc":{"start":{"line":12,"column":15},"end":{"line":12,"column":17}}}},"branchMap":{},"s":{"0":0,"1":0,"2":0,"3":0,"4":0,"5":0,"6":0,"7":0,"8":0,"9":0,"10":0,"11":0,"12":0},"f":{"0":0,"1":0},"b":{}}
,"/Users/tatianasousa/Downloads/ntest/src/games/entities/game-result.entity.ts": {"path":"/Users/tatianasousa/Downloads/ntest/src/games/entities/game-result.entity.ts","statementMap":{"0":{"start":{"line":1,"column":0},"end":{"line":1,"column":52}},"1":{"start":{"line":4,"column":0},"end":{"line":10,"column":null}},"2":{"start":{"line":6,"column":2},"end":{"line":6,"column":null}},"3":{"start":{"line":9,"column":2},"end":{"line":9,"column":null}},"4":{"start":{"line":4,"column":13},"end":{"line":10,"column":null}},"5":{"start":{"line":4,"column":13},"end":{"line":4,"column":23}}},"fnMap":{},"branchMap":{},"s":{"0":0,"1":0,"2":0,"3":0,"4":0,"5":0},"f":{},"b":{}}
,"/Users/tatianasousa/Downloads/ntest/src/games/entities/game.entity.ts": {"path":"/Users/tatianasousa/Downloads/ntest/src/games/entities/game.entity.ts","statementMap":{"0":{"start":{"line":1,"column":0},"end":{"line":1,"column":74}},"1":{"start":{"line":2,"column":0},"end":{"line":2,"column":51}},"2":{"start":{"line":3,"column":0},"end":{"line":3,"column":67}},"3":{"start":{"line":4,"column":0},"end":{"line":4,"column":75}},"4":{"start":{"line":6,"column":0},"end":{"line":8,"column":3}},"5":{"start":{"line":10,"column":0},"end":{"line":12,"column":3}},"6":{"start":{"line":15,"column":0},"end":{"line":48,"column":null}},"7":{"start":{"line":17,"column":2},"end":{"line":17,"column":null}},"8":{"start":{"line":16,"column":15},"end":{"line":16,"column":17}},"9":{"start":{"line":20,"column":2},"end":{"line":20,"column":null}},"10":{"start":{"line":23,"column":2},"end":{"line":23,"column":null}},"11":{"start":{"line":26,"column":2},"end":{"line":26,"column":null}},"12":{"start":{"line":25,"column":15},"end":{"line":25,"column":27}},"13":{"start":{"line":29,"column":2},"end":{"line":29,"column":null}},"14":{"start":{"line":28,"column":15},"end":{"line":28,"column":27}},"15":{"start":{"line":32,"column":2},"end":{"line":32,"column":null}},"16":{"start":{"line":35,"column":2},"end":{"line":35,"column":null}},"17":{"start":{"line":34,"column":15},"end":{"line":34,"column":20}},"18":{"start":{"line":38,"column":2},"end":{"line":38,"column":null}},"19":{"start":{"line":41,"column":2},"end":{"line":41,"column":null}},"20":{"start":{"line":44,"column":2},"end":{"line":44,"column":null}},"21":{"start":{"line":47,"column":2},"end":{"line":47,"column":null}},"22":{"start":{"line":15,"column":13},"end":{"line":48,"column":null}},"23":{"start":{"line":15,"column":13},"end":{"line":15,"column":17}},"24":{"start":{"line":51,"column":0},"end":{"line":51,"column":null}},"25":{"start":{"line":51,"column":13},"end":{"line":51,"column":null}},"26":{"start":{"line":51,"column":13},"end":{"line":51,"column":27}}},"fnMap":{"0":{"name":"(anonymous_2)","decl":{"start":{"line":16,"column":9},"end":{"line":16,"column":12}},"loc":{"start":{"line":16,"column":15},"end":{"line":16,"column":17}}},"1":{"name":"(anonymous_3)","decl":{"start":{"line":25,"column":9},"end":{"line":25,"column":12}},"loc":{"start":{"line":25,"column":15},"end":{"line":25,"column":27}}},"2":{"name":"(anonymous_4)","decl":{"start":{"line":28,"column":9},"end":{"line":28,"column":12}},"loc":{"start":{"line":28,"column":15},"end":{"line":28,"column":27}}},"3":{"name":"(anonym
[...]
,"/Users/tatianasousa/Downloads/ntest/src/prisma/prisma.service.ts": {"path":"/Users/tatianasousa/Downloads/ntest/src/prisma/prisma.service.ts","statementMap":{"0":{"start":{"line":1,"column":0},"end":{"line":1,"column":76}},"1":{"start":{"line":2,"column":0},"end":{"line":2,"column":46}},"2":{"start":{"line":5,"column":0},"end":{"line":15,"column":null}},"3":{"start":{"line":7,"column":4},"end":{"line":7,"column":26}},"4":{"start":{"line":11,"column":4},"end":{"line":13,"column":7}},"5":{"start":{"line":12,"column":6},"end":{"line":12,"column":24}},"6":{"start":{"line":5,"column":13},"end":{"line":15,"column":null}},"7":{"start":{"line":5,"column":13},"end":{"line":5,"column":26}}},"fnMap":{"0":{"name":"(anonymous_1)","decl":{"start":{"line":6,"column":2},"end":{"line":6,"column":7}},"loc":{"start":{"line":6,"column":20},"end":{"line":8,"column":3}}},"1":{"name":"(anonymous_2)","decl":{"start":{"line":10,"column":2},"end":{"line":10,"column":7}},"loc":{"start":{"line":10,"column":49},"end":{"line":14,"column":3}}},"2":{"name":"(anonymous_3)","decl":{"start":{"line":11,"column":27},"end":{"line":11,"column":32}},"loc":{"start":{"line":11,"column":38},"end":{"line":13,"column":5}}}},"branchMap":{},"s":{"0":0,"1":0,"2":0,"3":0,"4":0,"5":0,"6":0,"7":0},"f":{"0":0,"1":0,"2":0},"b":{}}
,"/Users/tatianasousa/Downloads/ntest/src/types/index.ts": {"path":"/Users/tatianasousa/Downloads/ntest/src/types/index.ts","statementMap":{"0":{"start":{"line":12,"column":0},"end":{"line":12,"column":null}},"1":{"start":{"line":13,"column":2},"end":{"line":13,"column":null}},"2":{"start":{"line":14,"column":2},"end":{"line":14,"column":null}},"3":{"start":{"line":20,"column":0},"end":{"line":20,"column":null}},"4":{"start":{"line":21,"column":2},"end":{"line":21,"column":null}},"5":{"start":{"line":22,"column":2},"end":{"line":22,"column":null}},"6":{"start":{"line":23,"column":2},"end":{"line":23,"column":null}},"7":{"start":{"line":24,"column":2},"end":{"line":24,"column":null}},"8":{"start":{"line":25,"column":2},"end":{"line":25,"column":null}},"9":{"start":{"line":26,"column":2},"end":{"line":26,"column":null}},"10":{"start":{"line":29,"column":0},"end":{"line":29,"column":null}},"11":{"start":{"line":30,"column":2},"end":{"line":30,"column":null}},"12":{"start":{"line":31,"column":2},"end":{"line":31,"column":null}}},"fnMap":{"0":{"name":"(anonymous_0)","decl":{"start":{"line":12,"column":0},"end":{"line":12,"column":12}},"loc":{"start":{"line":12,"column":24},"end":{"line":15,"column":1}}},"1":{"name":"(anonymous_1)","decl":{"start":{"line":20,"column":0},"end":{"line":20,"column":12}},"loc":{"start":{"line":20,"column":24},"end":{"line":27,"column":1}}},"2":{"name":"(anonymous_2)","decl":{"start":{"line":29,"column":0},"end":{"line":29,"column":12}},"loc":{"start":{"line":29,"column":24},"end":{"line":32,"column":1}}}},"branchMap":{"0":{"loc":{"start":{"line":12,"column":12},"end":{"line":12,"column":null}},"type":"binary-expr","locations":[{"start":{"line":12,"column":12},"end":{"line":12,"column":24}},{"start":{"line":12,"column":12},"end":{"line":12,"column":null}}]},"1":{"loc":{"start":{"line":20,"column":12},"end":{"line":20,"column":null}},"type":"binary-expr","locations":[{"start":{"line":20,"column":12},"end":{"line":20,"column":24}},{"start":{"line":20,"column":12},"end":{"line":20,"column":null}}]},"2":{"loc":{"start":{"line":29,"column":12},"end":{"line":29,"column":null}},"type":"binary-expr","locations":[{"start":{"line":29,"column":12},"end":{"line":29,"column":24}},{"start":{"line":29,"column":12},"end":{"line":29,"column":null}}]}},"s":{"0":0,"1":0,"2":0,"3":0,"4":0,"5":0,"6":0,"7":0,"8":0,"9":0,"10":0,"11":0,"12":0},"f":{"0":0,"1":0,"2":0},"b":{"0":[0,0],"1":[0,0],"2":[0,0]}}
,"/Users/tatianasousa/Downloads/ntest/src/users/users.module.ts": {"path":"/Users/tatianasousa/Downloads/ntest/src/users/users.module.ts","statementMap":{"0":{"start":{"line":1,"column":0},"end":{"line":1,"column":40}},"1":{"start":{"line":2,"column":0},"end":{"line":2,"column":58}},"2":{"start":{"line":3,"column":0},"end":{"line":3,"column":49}},"3":{"start":{"line":4,"column":0},"end":{"line":4,"column":47}},"4":{"start":{"line":10,"column":0},"end":{"line":10,"column":null}},"5":{"start":{"line":10,"column":13},"end":{"line":10,"column":null}},"6":{"start":{"line":10,"column":13},"end":{"line":10,"column":24}}},"fnMap":{},"branchMap":{},"s":{"0":0,"1":0,"2":0,"3":0,"4":0,"5":0,"6":0},"f":{},"b":{}}
,"/Users/tatianasousa/Downloads/ntest/src/users/users.resolver.ts": {"path":"/Users/tatianasousa/Downloads/ntest/src/users/users.resolver.ts","statementMap":{"0":{"start":{"line":1,"column":0},"end":{"line":1,"column":43}},"1":{"start":{"line":2,"column":0},"end":{"line":2,"column":70}},"2":{"start":{"line":3,"column":0},"end":{"line":3,"column":73}},"3":{"start":{"line":4,"column":0},"end":{"line":4,"column":62}},"4":{"start":{"line":5,"column":0},"end":{"line":5,"column":79}},"5":{"start":{"line":6,"column":0},"end":{"line":6,"column":46}},"6":{"start":{"line":7,"column":0},"end":{"line":7,"column":47}},"7":{"start":{"line":11,"column":0},"end":{"line":48,"column":null}},"8":{"start":{"line":12,"column":31},"end":{"line":12,"column":45}},"9":{"start":{"line":16,"column":4},"end":{"line":16,"column":50}},"10":{"start":{"line":21,"column":4},"end":{"line":21,"column":39}},"11":{"start":{"line":28,"column":4},"end":{"line":28,"column":57}},"12":{"start":{"line":33,"column":4},"end":{"line":33,"column":53}},"13":{"start":{"line":41,"column":4},"end":{"line":41,"column":60}},"14":{"start":{"line":46,"column":4},"end":{"line":46,"column":40}},"15":{"start":{"line":15,"column":2},"end":{"line":17,"column":null}},"16":{"start":{"line":14,"column":15},"end":{"line":14,"column":19}},"17":{"start":{"line":20,"column":2},"end":{"line":22,"column":null}},"18":{"start":{"line":19,"column":15},"end":{"line":19,"column":21}},"19":{"start":{"line":25,"column":2},"end":{"line":29,"column":null}},"20":{"start":{"line":24,"column":15},"end":{"line":24,"column":19}},"21":{"start":{"line":26,"column":36},"end":{"line":26,"column":42}},"22":{"start":{"line":32,"column":2},"end":{"line":34,"column":null}},"23":{"start":{"line":31,"column":18},"end":{"line":31,"column":22}},"24":{"start":{"line":37,"column":2},"end":{"line":42,"column":null}},"25":{"start":{"line":36,"column":18},"end":{"line":36,"column":22}},"26":{"start":{"line":45,"column":2},"end":{"line":47,"column":null}},"27":{"start":{"line":44,"column":18},"end":{"line":44,"column":22}},"28":{"start":{"line":45,"column":39},"end":{"line":45,"column":41}},"29":{"start":{"line":11,"column":13},"end":{"line":48,"column":null}},"30":{"start":{"line":10,"column":16},"end":{"line":10,"column":20}},"31":{"start":{"line":11,"column":13},"end":{"line":11,"column":26}}},"fnMap":{"0":{"name":"(anonymous_4)","decl":{"start":{"line":12,"column":2},"end":{"line":12,"column":31}},"loc":{"start":{"line":12,"column":57},"end":{"line":12,"column":61}}},"1":{"name":"(anonymous_5)","decl":{"start":{"line":15,"column":2},"end":{"line":15,"column":4}},"loc":{"start":{"line":15,"column":30},"end":{"line":17,"column":3}}},"2":{"name":"(anonymous_6)","decl":{"start":{"line":20,"column":2},"end":{"line":20,"column":9}},"loc":{"start":{"line":20,"column":9},"end":{"line":22,"column":3}}},"3":{"name":"(anonymous_7)","decl":{"start":{"line":25,"column":2},"end":{"line":25,"column":16}},"loc":{"start":{"line":26,"column":62},"end":{"line":29,"column":3}}},"4":{"name":"(anonymous_8)","decl":{"start":{"line":32,"column":2},"end":{"line":32,"column":12}},"loc":{"start":{"line":32,"column":50},"end":{"line":34,"column":3}}},"5":{"name":"(anonymous_9)","decl":{"start":{"line":37,"column":2},"end":{"line":37,"column":16}},"loc":{"start":{"line":39,"column":45},"end":{"line":42,"column":3}}},"6":{"name":"(anonymous_10)","decl":{"start":{"line":45,"column":2},"end":{"line":45,"column":12}},"loc":{"start":{"line":45,"column":55},"end":{"line":47,"column":3}}},"7":{"name":"(anonymous_11)","decl":{"start":{"line":14,"column":9},"end":{"line":14,"column":12}},"loc":{"start":{"line":14,"column":15},"end":{"line":14,"column":19}}},"8":{"name":"(anonymous_12)","decl":{"start":{"line":19,"column":9},"end":{"line":19,"column":12}},"loc":{"start":{"line":19,"column":15},"end":{"line":19,"column":21}}},"9":{"name":"(anonymous_13)","decl":{"start":{"line":24,"column":9},"end":{"line":24,"column":12}},"loc":{"start":{"line":24,"column":15},"end":{"line":24,"column":19}}},"10":{"name":"(anonymous_14)","decl":{"start":{"line":26,"column":30},"end":{"line":26,"column":33}},"loc":{"start":{"line":26,"column":36},"end":{"line":26,"column":42}}},"11":{"name":"(anonymous_15)","decl":{"start":{"line":31,"column":12},"end":{"line":31,"column":15}},"loc":{"start":{"line":31,"column":18},"end":{"line":31,"column":22}}},"12":{"name":"(anonymous_16)","decl":{"start":{"line":36,"column":12},"end":{"line":36,"column":15}},"loc":{"start":{"line":36,"column":18},"end":{"line":36,"column":22}}},"13":{"name":"(anonymous_17)","decl":{"start":{"line":44,"column":12},"end":{"line":44,"column":15}},"loc":{"start":{"line":44,"column":18},"end":{"line":44,"column":22}}},"14":{"name":"(anonymous_18)","decl":{"start":{"line":45,"column":33},"end":{"line":45,"column":36}},"loc":{"start":{"line":45,"column":39},"end":{"line":45,"column":41}}},"15":{"name":"(anonymous_19)","decl":{"start":{"line":10,"column":10},"end":{"line":10,"column":13}},"loc":{"start":{"line":10,"column":16},"end":{"line":10,"column":20}}}},"branchMap":{},"s":{"0":0,"1":0,"2":0,"3":0,"4":0,"5":0,"6":0,"7":0,"8":0,"9":0,"10":0,"11":0,"12":0,"13":0,"14":0,"15":0,"16":0,"17":0,"18":0,"19":0,"20":0,"21":0,"22":0,"23":0,"24":0,"25":0,"26":0,"27":0,"28":0,"29":0,"30":0,"31":0},"f":{"0":0,"1":0,"2":0,"3":0,"4":0,"5":0,"6":0,"7":0,"8":0,"9":0,"10":0,"11":0,"12":0,"13":0,"14":0,"15":0},"b":{}}
,"/Users/tatianasousa/Downloads/ntest/src/users/users.service.ts": {"path":"/Users/tatianasousa/Downloads/ntest/src/users/users.service.ts","statementMap":{"0":{"start":{"line":1,"column":0},"end":{"line":1,"column":65}},"1":{"start":{"line":2,"column":0},"end":{"line":2,"column":58}},"2":{"start":{"line":3,"column":0},"end":{"line":3,"column":67}},"3":{"start":{"line":9,"column":0},"end":{"line":63,"column":null}},"4":{"start":{"line":10,"column":22},"end":{"line":10,"column":30}},"5":{"start":{"line":13,"column":4},"end":{"line":15,"column":7}},"6":{"start":{"line":19,"column":4},"end":{"line":19,"column":39}},"7":{"start":{"line":23,"column":4},"end":{"line":23,"column":58}},"8":{"start":{"line":27,"column":4},"end":{"line":27,"column":64}},"9":{"start":{"line":31,"column":4},"end":{"line":34,"column":7}},"10":{"start":{"line":38,"column":17},"end":{"line":40,"column":6}},"11":{"start":{"line":42,"column":18},"end":{"line":42,"column":77}},"12":{"start":{"line":44,"column":4},"end":{"line":48,"column":null}},"13":{"start":{"line":45,"column":6},"end":{"line":47,"column":8}},"14":{"start":{"line":50,"column":27},"end":{"line":50,"column":66}},"15":{"start":{"line":52,"column":4},"end":{"line":57,"column":7}},"16":{"start":{"line":61,"column":4},"end":{"line":61,"column":60}},"17":{"start":{"line":9,"column":13},"end":{"line":63,"column":null}},"18":{"start":{"line":9,"column":13},"end":{"line":9,"column":25}}},"fnMap":{"0":{"name":"(anonymous_2)","decl":{"start":{"line":10,"column":2},"end":{"line":10,"column":22}},"loc":{"start":{"line":10,"column":43},"end":{"line":10,"column":47}}},"1":{"name":"(anonymous_3)","decl":{"start":{"line":12,"column":2},"end":{"line":12,"column":8}},"loc":{"start":{"line":12,"column":41},"end":{"line":16,"column":3}}},"2":{"name":"(anonymous_4)","decl":{"start":{"line":18,"column":2},"end":{"line":18,"column":9}},"loc":{"start":{"line":18,"column":9},"end":{"line":20,"column":3}}},"3":{"name":"(anonymous_5)","decl":{"start":{"line":22,"column":2},"end":{"line":22,"column":13}},"loc":{"start":{"line":22,"column":24},"end":{"line":24,"column":3}}},"4":{"name":"(anonymous_6)","decl":{"start":{"line":26,"column":2},"end":{"line":26,"column":19}},"loc":{"start":{"line":26,"column":36},"end":{"line":28,"column":3}}},"5":{"name":"(anonymous_7)","decl":{"start":{"line":30,"column":2},"end":{"line":30,"column":7}},"loc":{"start":{"line":30,"column":59},"end":{"line":35,"column":3}}},"6":{"name":"(anonymous_8)","decl":{"start":{"line":37,"column":2},"end":{"line":37,"column":7}},"loc":{"start":{"line":37,"column":60},"end":{"line":58,"column":3}}},"7":{"name":"(anonymous_9)","decl":{"start":{"line":60,"column":2},"end":{"line":60,"column":7}},"loc":{"start":{"line":60,"column":25},"end":{"line":62,"column":3}}}},"branchMap":{"0":{"loc":{"start":{"line":44,"column":4},"end":{"line":48,"column":null}},"type":"if","locations":[{"start":{"line":44,"column":4},"end":{"line":48,"column":null}}]}},"s":{"0":0,"1":0,"2":0,"3":0,"4":0,"5":0,"6":0,"7":0,"8":0,"9":0,"10":0,"11":0,"12":0,"13":0,"14":0,"15":0,"16":0,"17":0,"18":0},"f":{"0":0,"1":0,"2":0,"3":0,"4":0,"5":0,"6":0,"7":0},"b":{"0":[0]}}
,"/Users/tatianasousa/Downloads/ntest/src/users/dto/create-user.input.ts": {"path":"/Users/tatianasousa/Downloads/ntest/src/users/dto/create-user.input.ts","statementMap":{"0":{"start":{"line":1,"column":0},"end":{"line":1,"column":51}},"1":{"start":{"line":4,"column":0},"end":{"line":13,"column":null}},"2":{"start":{"line":6,"column":2},"end":{"line":6,"column":null}},"3":{"start":{"line":9,"column":2},"end":{"line":9,"column":null}},"4":{"start":{"line":12,"column":2},"end":{"line":12,"column":null}},"5":{"start":{"line":4,"column":13},"end":{"line":13,"column":null}},"6":{"start":{"line":4,"column":13},"end":{"line":4,"column":28}}},"fnMap":{},"branchMap":{},"s":{"0":0,"1":0,"2":0,"3":0,"4":0,"5":0,"6":0},"f":{},"b":{}}
,"/Users/tatianasousa/Downloads/ntest/src/users/dto/update-user.input.ts": {"path":"/Users/tatianasousa/Downloads/ntest/src/users/dto/update-user.input.ts","statementMap":{"0":{"start":{"line":1,"column":0},"end":{"line":1,"column":55}},"1":{"start":{"line":4,"column":0},"end":{"line":13,"column":null}},"2":{"start":{"line":6,"column":2},"end":{"line":6,"column":null}},"3":{"start":{"line":5,"column":15},"end":{"line":5,"column":17}},"4":{"start":{"line":9,"column":2},"end":{"line":9,"column":null}},"5":{"start":{"line":8,"column":15},"end":{"line":8,"column":17}},"6":{"start":{"line":12,"column":2},"end":{"line":12,"column":null}},"7":{"start":{"line":11,"column":15},"end":{"line":11,"column":17}},"8":{"start":{"line":4,"column":13},"end":{"line":13,"column":null}},"9":{"start":{"line":4,"column":13},"end":{"line":4,"column":28}},"10":{"start":{"line":16,"column":0},"end":{"line":22,"column":null}},"11":{"start":{"line":18,"column":2},"end":{"line":18,"column":null}},"12":{"start":{"line":21,"column":2},"end":{"line":21,"column":null}},"13":{"start":{"line":16,"column":13},"end":{"line":22,"column":null}},"14":{"start":{"line":16,"column":13},"end":{"line":16,"column":32}}},"fnMap":{"0":{"name":"(anonymous_2)","decl":{"start":{"line":5,"column":9},"end":{"line":5,"column":12}},"loc":{"start":{"line":5,"column":15},"end":{"line":5,"column":17}}},"1":{"name":"(anonymous_3)","decl":{"start":{"line":8,"column":9},"end":{"line":8,"column":12}},"loc":{"start":{"line":8,"column":15},"end":{"line":8,"column":17}}},"2":{"name":"(anonymous_4)","decl":{"start":{"line":11,"column":9},"end":{"line":11,"column":12}},"loc":{"start":{"line":11,"column":15},"end":{"line":11,"column":17}}}},"branchMap":{},"s":{"0":0,"1":0,"2":0,"3":0,"4":0,"5":0,"6":0,"7":0,"8":0,"9":0,"10":0,"11":0,"12":0,"13":0,"14":0},"f":{"0":0,"1":0,"2":0},"b":{}}
,"/Users/tatianasousa/Downloads/ntest/src/users/entities/user.entity.ts": {"path":"/Users/tatianasousa/Downloads/ntest/src/users/entities/user.entity.ts","statementMap":{"0":{"start":{"line":1,"column":0},"end":{"line":1,"column":56}},"1":{"start":{"line":2,"column":0},"end":{"line":2,"column":42}},"2":{"start":{"line":5,"column":0},"end":{"line":29,"column":null}},"3":{"start":{"line":7,"column":2},"end":{"line":7,"column":null}},"4":{"start":{"line":6,"column":15},"end":{"line":6,"column":17}},"5":{"start":{"line":10,"column":2},"end":{"line":10,"column":null}},"6":{"start":{"line":13,"column":2},"end":{"line":13,"column":null}},"7":{"start":{"line":16,"column":2},"end":{"line":16,"column":null}},"8":{"start":{"line":19,"column":2},"end":{"line":19,"column":null}},"9":{"start":{"line":22,"column":2},"end":{"line":22,"column":null}},"10":{"start":{"line":25,"column":2},"end":{"line":25,"column":null}},"11":{"start":{"line":28,"column":2},"end":{"line":28,"column":null}},"12":{"start":{"line":5,"column":13},"end":{"line":29,"column":null}},"13":{"start":{"line":5,"column":13},"end":{"line":5,"column":17}}},"fnMap":{"0":{"name":"(anonymous_2)","decl":{"start":{"line":6,"column":9},"end":{"line":6,"column":12}},"loc":{"start":{"line":6,"column":15},"end":{"line":6,"column":17}}}},"branchMap":{},"s":{"0":0,"1":0,"2":0,"3":0,"4":0,"5":0,"6":0,"7":0,"8":0,"9":0,"10":0,"11":0,"12":0,"13":0},"f":{"0":0},"b":{}}
,"/Users/tatianasousa/Downloads/ntest/src/utils/misc.ts": {"path":"/Users/tatianasousa/Downloads/ntest/src/utils/misc.ts","statementMap":{"0":{"start":{"line":2,"column":0},"end":{"line":2,"column":33}},"1":{"start":{"line":3,"column":0},"end":{"line":3,"column":33}},"2":{"start":{"line":4,"column":0},"end":{"line":4,"column":48}},"3":{"start":{"line":12,"column":14},"end":{"line":12,"column":57}},"4":{"start":{"line":12,"column":38},"end":{"line":12,"column":56}},"5":{"start":{"line":14,"column":2},"end":{"line":16,"column":null}},"6":{"start":{"line":15,"column":4},"end":{"line":15,"column":16}},"7":{"start":{"line":18,"column":15},"end":{"line":20,"column":25}},"8":{"start":{"line":22,"column":2},"end":{"line":24,"column":null}},"9":{"start":{"line":23,"column":4},"end":{"line":23,"column":16}},"10":{"start":{"line":26,"column":25},"end":{"line":26,"column":66}},"11":{"start":{"line":28,"column":2},"end":{"line":34,"column":4}},"12":{"start":{"line":8,"column":0},"end":{"line":8,"column":16}},"13":{"start":{"line":38,"column":2},"end":{"line":38,"column":41}},"14":{"start":{"line":37,"column":0},"end":{"line":37,"column":7}},"15":{"start":{"line":45,"column":2},"end":{"line":45,"column":59}},"16":{"start":{"line":41,"column":0},"end":{"line":41,"column":7}}},"fnMap":{"0":{"name":"getGame","decl":{"start":{"line":8,"column":16},"end":{"line":8,"column":23}},"loc":{"start":{"line":10,"column":17},"end":{"line":35,"column":1}}},"1":{"name":"(anonymous_1)","decl":{"start":{"line":12,"column":28},"end":{"line":12,"column":29}},"loc":{"start":{"line":12,"column":38},"end":{"line":12,"column":56}}},"2":{"name":"encryptPassword","decl":{"start":{"line":37,"column":22},"end":{"line":37,"column":37}},"loc":{"start":{"line":37,"column":54},"end":{"line":39,"column":1}}},"3":{"name":"comparePasswords","decl":{"start":{"line":41,"column":22},"end":{"line":41,"column":38}},"loc":{"start":{"line":43,"column":27},"end":{"line":46,"column":1}}}},"branchMap":{"0":{"loc":{"start":{"line":14,"column":2},"end":{"line":16,"column":null}},"type":"if","locations":[{"start":{"line":14,"column":2},"end":{"line":16,"column":null}}]},"1":{"loc":{"start":{"line":22,"column":2},"end":{"line":24,"column":null}},"type":"if","locations":[{"start":{"line":22,"column":2},"end":{"line":24,"column":null}}]},"2":{"loc":{"start":{"line":26,"column":25},"end":{"line":26,"column":66}},"type":"cond-expr","locations":[{"start":{"line":26,"column":48},"end":{"line":26,"column":54}},{"start":{"line":26,"column":57},"end":{"line":26,"column":66}}]}},"s":{"0":0,"1":0,"2":0,"3":0,"4":0,"5":0,"6":0,"7":0,"8":0,"9":0,"10":0,"11":0,"12":0,"13":0,"14":0,"15":0,"16":0},"f":{"0":0,"1":0,"2":0,"3":0},"b":{"0":[0],"1":[0],"2":[0,0]}}
}
