TN:
SF:src/app.module.ts
FNF:0
FNH:0
DA:1,0
DA:2,0
DA:3,0
DA:4,0
DA:5,0
DA:6,0
DA:7,0
DA:8,0
DA:9,0
DA:28,0
LF:10
LH:0
BRF:0
BRH:0
end_of_record
TN:
SF:src/main.ts
FN:4,bootstrap
FNF:1
FNH:0
FNDA:0,bootstrap
DA:1,0
DA:2,0
DA:5,0
DA:6,0
DA:9,0
LF:5
LH:0
BRDA:6,0,0,0
BRDA:6,0,1,0
BRF:2
BRH:0
end_of_record
TN:
SF:src/auth/auth.module.ts
FNF:0
FNH:0
DA:1,0
DA:2,0
DA:3,0
DA:4,0
DA:5,0
DA:6,0
DA:7,0
DA:8,0
DA:22,0
LF:9
LH:0
BRF:0
BRH:0
end_of_record
TN:
SF:src/auth/auth.resolver.ts
FN:10,(anonymous_4)
FN:13,(anonymous_5)
FN:18,(anonymous_6)
FN:12,(anonymous_7)
FN:17,(anonymous_8)
FNF:5
FNH:0
FNDA:0,(anonymous_4)
FNDA:0,(anonymous_5)
FNDA:0,(anonymous_6)
FNDA:0,(anonymous_7)
FNDA:0,(anonymous_8)
DA:1,0
DA:2,0
DA:3,0
DA:4,0
DA:5,0
DA:6,0
DA:9,0
DA:10,0
DA:12,0
DA:13,0
DA:14,0
DA:17,0
DA:18,0
DA:19,0
LF:14
LH:0
BRF:0
BRH:0
end_of_record
TN:
SF:src/auth/auth.service.ts
FN:12,(anonymous_3)
FN:17,(anonymous_4)
FN:42,(anonymous_5)
FNF:3
FNH:0
FNDA:0,(anonymous_3)
FNDA:0,(anonymous_4)
FNDA:0,(anonymous_5)
DA:1,0
DA:2,0
DA:5,0
DA:6,0
DA:11,0
DA:13,0
DA:14,0
DA:18,0
DA:20,0
DA:22,0
DA:23,0
DA:26,0
DA:28,0
DA:29,0
DA:32,0
DA:37,0
DA:43,0
DA:45,0
DA:47,0
DA:52,0
LF:20
LH:0
BRDA:22,0,0,0
BRDA:28,1,0,0
BRF:2
BRH:0
end_of_record
TN:
SF:src/auth/constants.ts
FNF:0
FNH:0
DA:1,0
LF:1
LH:0
BRF:0
BRH:0
end_of_record
TN:
SF:src/auth/decorators/current-user.decorator.ts
FN:5,(anonymous_0)
FNF:1
FNH:0
FNDA:0,(anonymous_0)
DA:1,0
DA:2,0
DA:4,0
DA:6,0
DA:7,0
LF:5
LH:0
BRF:0
BRH:0
end_of_record
TN:
SF:src/auth/dto/login.input.ts
FNF:0
FNH:0
DA:1,0
DA:4,0
DA:6,0
DA:9,0
LF:4
LH:0
BRF:0
BRH:0
end_of_record
TN:
SF:src/auth/entities/auth-session.entity.ts
FNF:0
FNH:0
DA:1,0
DA:4,0
DA:6,0
LF:3
LH:0
BRF:0
BRH:0
end_of_record
TN:
SF:src/auth/guards/gql-auth.guard.ts
FN:6,(anonymous_0)
FNF:1
FNH:0
FNDA:0,(anonymous_0)
DA:2,0
DA:3,0
DA:5,0
DA:7,0
DA:8,0
LF:5
LH:0
BRF:0
BRH:0
end_of_record
TN:
SF:src/auth/guards/jwt-auth.guard.ts
FNF:0
FNH:0
DA:1,0
DA:2,0
DA:5,0
LF:3
LH:0
BRF:0
BRH:0
end_of_record
TN:
SF:src/auth/strategies/jwt.strategy.ts
FN:16,(anonymous_2)
FN:24,(anonymous_3)
FNF:2
FNH:0
FNDA:0,(anonymous_2)
FNDA:0,(anonymous_3)
DA:1,0
DA:2,0
DA:3,0
DA:5,0
DA:15,0
DA:17,0
DA:25,0
LF:7
LH:0
BRF:0
BRH:0
end_of_record
TN:
SF:src/betbooks/betbooks.module.ts
FNF:0
FNH:0
DA:1,0
DA:2,0
DA:3,0
DA:4,0
DA:5,0
DA:6,0
DA:12,0
LF:7
LH:0
BRF:0
BRH:0
end_of_record
TN:
SF:src/betbooks/betbooks.resolver.ts
FN:15,(anonymous_4)
FN:18,(anonymous_5)
FN:29,(anonymous_6)
FN:37,(anonymous_7)
FN:42,(anonymous_8)
FN:47,(anonymous_9)
FN:17,(anonymous_10)
FN:28,(anonymous_11)
FN:36,(anonymous_12)
FN:37,(anonymous_13)
FN:41,(anonymous_14)
FN:46,(anonymous_15)
FN:47,(anonymous_16)
FN:13,(anonymous_17)
FNF:14
FNH:0
FNDA:0,(anonymous_4)
FNDA:0,(anonymous_5)
FNDA:0,(anonymous_6)
FNDA:0,(anonymous_7)
FNDA:0,(anonymous_8)
FNDA:0,(anonymous_9)
FNDA:0,(anonymous_10)
FNDA:0,(anonymous_11)
FNDA:0,(anonymous_12)
FNDA:0,(anonymous_13)
FNDA:0,(anonymous_14)
FNDA:0,(anonymous_15)
FNDA:0,(anonymous_16)
FNDA:0,(anonymous_17)
DA:1,0
DA:2,0
DA:3,0
DA:4,0
DA:6,0
DA:7,0
DA:8,0
DA:9,0
DA:10,0
DA:13,0
DA:14,0
DA:15,0
DA:17,0
DA:18,0
DA:22,0
DA:28,0
DA:29,0
DA:33,0
DA:36,0
DA:37,0
DA:38,0
DA:41,0
DA:42,0
DA:43,0
DA:46,0
DA:47,0
DA:48,0
LF:27
LH:0
BRF:0
BRH:0
end_of_record
TN:
SF:src/betbooks/betbooks.service.ts
FN:16,(anonymous_2)
FN:22,(anonymous_3)
FN:28,(anonymous_4)
FN:71,(anonymous_5)
FN:94,(anonymous_6)
FN:96,(anonymous_7)
FN:108,(anonymous_8)
FN:122,(anonymous_9)
FN:134,(anonymous_10)
FNF:9
FNH:0
FNDA:0,(anonymous_2)
FNDA:0,(anonymous_3)
FNDA:0,(anonymous_4)
FNDA:0,(anonymous_5)
FNDA:0,(anonymous_6)
FNDA:0,(anonymous_7)
FNDA:0,(anonymous_8)
FNDA:0,(anonymous_9)
FNDA:0,(anonymous_10)
DA:1,0
DA:2,0
DA:4,0
DA:5,0
DA:6,0
DA:7,0
DA:8,0
DA:15,0
DA:17,0
DA:18,0
DA:19,0
DA:25,0
DA:28,0
DA:29,0
DA:31,0
DA:32,0
DA:35,0
DA:38,0
DA:39,0
DA:44,0
DA:52,0
DA:53,0
DA:58,0
DA:68,0
DA:75,0
DA:93,0
DA:95,0
DA:96,0
DA:105,0
DA:109,0
DA:126,0
DA:135,0
LF:32
LH:0
BRDA:31,0,0,0
BRDA:38,1,0,0
BRF:2
BRH:0
end_of_record
TN:
SF:src/betbooks/dto/create-betbook.input.ts
FN:12,(anonymous_2)
FNF:1
FNH:0
FNDA:0,(anonymous_2)
DA:1,0
DA:2,0
DA:5,0
DA:7,0
DA:10,0
DA:12,0
DA:13,0
LF:7
LH:0
BRF:0
BRH:0
end_of_record
TN:
SF:src/betbooks/dto/generics.args.ts
FNF:0
FNH:0
DA:1,0
DA:2,0
DA:5,0
DA:7,0
LF:4
LH:0
BRF:0
BRH:0
end_of_record
TN:
SF:src/betbooks/dto/update-betbook.input.ts
FN:5,(anonymous_2)
FNF:1
FNH:0
FNDA:0,(anonymous_2)
DA:1,0
DA:4,0
DA:5,0
DA:6,0
LF:4
LH:0
BRF:0
BRH:0
end_of_record
TN:
SF:src/betbooks/entities/betbook.entity.ts
FN:8,(anonymous_2)
FN:23,(anonymous_3)
FNF:2
FNH:0
FNDA:0,(anonymous_2)
FNDA:0,(anonymous_3)
DA:1,0
DA:2,0
DA:3,0
DA:4,0
DA:7,0
DA:8,0
DA:9,0
DA:12,0
DA:15,0
DA:18,0
DA:21,0
DA:23,0
DA:24,0
DA:27,0
DA:30,0
DA:34,0
LF:16
LH:0
BRF:0
BRH:0
end_of_record
TN:
SF:src/bets/bets.module.ts
FNF:0
FNH:0
DA:1,0
DA:2,0
DA:3,0
DA:4,0
DA:5,0
DA:6,0
DA:13,0
LF:7
LH:0
BRF:0
BRH:0
end_of_record
TN:
SF:src/bets/bets.resolver.ts
FN:11,(anonymous_4)
FN:14,(anonymous_5)
FN:19,(anonymous_6)
FN:24,(anonymous_7)
FN:29,(anonymous_8)
FN:13,(anonymous_9)
FN:18,(anonymous_10)
FN:19,(anonymous_11)
FN:23,(anonymous_12)
FN:28,(anonymous_13)
FN:29,(anonymous_14)
FN:9,(anonymous_15)
FNF:12
FNH:0
FNDA:0,(anonymous_4)
FNDA:0,(anonymous_5)
FNDA:0,(anonymous_6)
FNDA:0,(anonymous_7)
FNDA:0,(anonymous_8)
FNDA:0,(anonymous_9)
FNDA:0,(anonymous_10)
FNDA:0,(anonymous_11)
FNDA:0,(anonymous_12)
FNDA:0,(anonymous_13)
FNDA:0,(anonymous_14)
FNDA:0,(anonymous_15)
DA:1,0
DA:2,0
DA:3,0
DA:4,0
DA:5,0
DA:6,0
DA:9,0
DA:10,0
DA:11,0
DA:13,0
DA:14,0
DA:15,0
DA:18,0
DA:19,0
DA:20,0
DA:23,0
DA:24,0
DA:25,0
DA:28,0
DA:29,0
DA:30,0
LF:21
LH:0
BRF:0
BRH:0
end_of_record
TN:
SF:src/bets/bets.service.ts
FN:11,(anonymous_2)
FN:16,(anonymous_3)
FN:44,(anonymous_4)
FN:48,(anonymous_5)
FN:56,(anonymous_6)
FN:64,(anonymous_7)
FN:77,(anonymous_8)
FN:81,(anonymous_9)
FN:90,(anonymous_10)
FNF:9
FNH:0
FNDA:0,(anonymous_2)
FNDA:0,(anonymous_3)
FNDA:0,(anonymous_4)
FNDA:0,(anonymous_5)
FNDA:0,(anonymous_6)
FNDA:0,(anonymous_7)
FNDA:0,(anonymous_8)
FNDA:0,(anonymous_9)
FNDA:0,(anonymous_10)
DA:1,0
DA:3,0
DA:4,0
DA:7,0
DA:10,0
DA:12,0
DA:13,0
DA:22,0
DA:24,0
DA:31,0
DA:45,0
DA:49,0
DA:57,0
DA:65,0
DA:74,0
DA:78,0
DA:82,0
DA:91,0
LF:18
LH:0
BRF:0
BRH:0
end_of_record
TN:
SF:src/bets/dto/create-bet.input.ts
FNF:0
FNH:0
DA:1,0
DA:2,0
DA:5,0
DA:7,0
DA:10,0
DA:13,0
DA:16,0
DA:19,0
LF:8
LH:0
BRF:0
BRH:0
end_of_record
TN:
SF:src/bets/dto/update-bet.input.ts
FN:5,(anonymous_2)
FNF:1
FNH:0
FNDA:0,(anonymous_2)
DA:1,0
DA:4,0
DA:5,0
DA:6,0
DA:9,0
LF:5
LH:0
BRF:0
BRH:0
end_of_record
TN:
SF:src/bets/entities/bet.entity.ts
FN:7,(anonymous_2)
FN:25,(anonymous_3)
FN:28,(anonymous_4)
FN:34,(anonymous_5)
FNF:4
FNH:0
FNDA:0,(anonymous_2)
FNDA:0,(anonymous_3)
FNDA:0,(anonymous_4)
FNDA:0,(anonymous_5)
DA:1,0
DA:2,0
DA:3,0
DA:6,0
DA:7,0
DA:8,0
DA:11,0
DA:14,0
DA:17,0
DA:20,0
DA:23,0
DA:25,0
DA:26,0
DA:28,0
DA:29,0
DA:32,0
DA:34,0
DA:35,0
DA:38,0
DA:41,0
LF:20
LH:0
BRF:0
BRH:0
end_of_record
TN:
SF:src/bets/helpers/amount.helper.ts
FN:15,getBetAmount
FNF:1
FNH:0
FNDA:0,getBetAmount
DA:10,0
DA:15,0
DA:21,0
DA:23,0
DA:24,0
DA:26,0
DA:30,0
DA:31,0
DA:32,0
DA:33,0
DA:36,0
DA:39,0
LF:12
LH:0
BRDA:21,0,0,0
BRDA:21,0,1,0
BRDA:21,0,2,0
BRDA:23,1,0,0
BRDA:23,1,1,0
BRDA:30,2,0,0
BRDA:30,2,1,0
BRDA:32,3,0,0
BRF:8
BRH:0
end_of_record
TN:
SF:src/bets/helpers/award.helper.ts
FN:25,getBetAward
FN:48,getDrawAward
FN:64,getGameAward
FN:72,(anonymous_3)
FN:80,(anonymous_4)
FN:81,(anonymous_5)
FN:89,(anonymous_6)
FN:97,(anonymous_7)
FN:110,getDrawnTickets
FN:128,(anonymous_9)
FNF:10
FNH:0
FNDA:0,getBetAward
FNDA:0,getDrawAward
FNDA:0,getGameAward
FNDA:0,(anonymous_3)
FNDA:0,(anonymous_4)
FNDA:0,(anonymous_5)
FNDA:0,(anonymous_6)
FNDA:0,(anonymous_7)
FNDA:0,getDrawnTickets
FNDA:0,(anonymous_9)
DA:18,0
DA:25,0
DA:26,0
DA:28,0
DA:36,0
DA:44,0
DA:49,0
DA:50,0
DA:52,0
DA:53,0
DA:54,0
DA:55,0
DA:56,0
DA:57,0
DA:61,0
DA:65,0
DA:70,0
DA:71,0
DA:72,0
DA:75,0
DA:76,0
DA:79,0
DA:80,0
DA:81,0
DA:83,0
DA:85,0
DA:87,0
DA:88,0
DA:89,0
DA:92,0
DA:93,0
DA:96,0
DA:98,0
DA:102,0
DA:103,0
DA:107,0
DA:111,0
DA:112,0
DA:113,0
DA:114,0
DA:116,0
DA:117,0
DA:118,0
DA:119,0
DA:120,0
DA:122,0
DA:126,0
DA:128,0
LF:48
LH:0
BRDA:26,0,0,0
BRDA:26,0,1,0
BRDA:26,0,2,0
BRDA:52,1,0,0
BRDA:52,1,1,0
BRDA:54,2,0,0
BRDA:55,3,0,0
BRDA:55,3,1,0
BRDA:56,4,0,0
BRDA:70,5,0,0
BRDA:70,5,1,0
BRDA:75,6,0,0
BRDA:83,7,0,0
BRDA:87,8,0,0
BRDA:92,9,0,0
BRDA:98,10,0,0
BRDA:98,10,1,0
BRDA:102,11,0,0
BRDA:111,12,0,0
BRDA:111,12,1,0
BRDA:117,13,0,0
BRF:21
BRH:0
end_of_record
TN:
SF:src/bets/listeners/game-result.listener.ts
FN:11,(anonymous_2)
FN:14,(anonymous_3)
FNF:2
FNH:0
FNDA:0,(anonymous_2)
FNDA:0,(anonymous_3)
DA:2,0
DA:3,0
DA:4,0
DA:5,0
DA:8,0
DA:11,0
DA:14,0
DA:16,0
DA:18,0
DA:19,0
DA:30,0
LF:11
LH:0
BRF:0
BRH:0
end_of_record
TN:
SF:src/common/generics/pagination.entity.ts
FN:45,(anonymous_2)
FN:48,(anonymous_3)
FN:52,Connection
FN:55,(anonymous_5)
FN:58,(anonymous_6)
FN:64,(anonymous_7)
FN:67,(anonymous_8)
FN:70,(anonymous_9)
FNF:8
FNH:0
FNDA:0,(anonymous_2)
FNDA:0,(anonymous_3)
FNDA:0,Connection
FNDA:0,(anonymous_5)
FNDA:0,(anonymous_6)
FNDA:0,(anonymous_7)
FNDA:0,(anonymous_8)
FNDA:0,(anonymous_9)
DA:2,0
DA:23,0
DA:25,0
DA:28,0
DA:31,0
DA:34,0
DA:38,0
DA:40,0
DA:43,0
DA:45,0
DA:46,0
DA:48,0
DA:49,0
DA:52,0
DA:54,0
DA:55,0
DA:56,0
DA:58,0
DA:59,0
DA:63,0
DA:64,0
DA:65,0
DA:67,0
DA:68,0
DA:70,0
DA:71,0
DA:74,0
LF:27
LH:0
BRF:0
BRH:0
end_of_record
TN:
SF:src/common/scalars/date.scalar.ts
FN:5,(anonymous_1)
FN:8,(anonymous_2)
FN:12,(anonymous_3)
FN:16,(anonymous_4)
FN:4,(anonymous_5)
FNF:5
FNH:0
FNDA:0,(anonymous_1)
FNDA:0,(anonymous_2)
FNDA:0,(anonymous_3)
FNDA:0,(anonymous_4)
FNDA:0,(anonymous_5)
DA:1,0
DA:2,0
DA:4,0
DA:5,0
DA:6,0
DA:9,0
DA:13,0
DA:17,0
DA:18,0
DA:20,0
LF:10
LH:0
BRDA:17,0,0,0
BRF:1
BRH:0
end_of_record
TN:
SF:src/games/contants.ts
FNF:0
FNH:0
DA:1,1
LF:1
LH:1
BRF:0
BRH:0
end_of_record
TN:
SF:src/games/games.module.ts
FNF:0
FNH:0
DA:1,0
DA:2,0
DA:3,0
DA:4,0
DA:5,0
DA:11,0
LF:6
LH:0
BRF:0
BRH:0
end_of_record
TN:
SF:src/games/games.resolver.ts
FN:21,(anonymous_4)
FN:24,(anonymous_5)
FN:29,(anonymous_6)
FN:34,(anonymous_7)
FN:42,(anonymous_8)
FN:47,(anonymous_9)
FN:54,(anonymous_10)
FN:59,(anonymous_11)
FN:64,(anonymous_12)
FN:23,(anonymous_13)
FN:28,(anonymous_14)
FN:33,(anonymous_15)
FN:41,(anonymous_16)
FN:42,(anonymous_17)
FN:46,(anonymous_18)
FN:53,(anonymous_19)
FN:58,(anonymous_20)
FN:63,(anonymous_21)
FN:64,(anonymous_22)
FN:19,(anonymous_23)
FNF:20
FNH:0
FNDA:0,(anonymous_4)
FNDA:0,(anonymous_5)
FNDA:0,(anonymous_6)
FNDA:0,(anonymous_7)
FNDA:0,(anonymous_8)
FNDA:0,(anonymous_9)
FNDA:0,(anonymous_10)
FNDA:0,(anonymous_11)
FNDA:0,(anonymous_12)
FNDA:0,(anonymous_13)
FNDA:0,(anonymous_14)
FNDA:0,(anonymous_15)
FNDA:0,(anonymous_16)
FNDA:0,(anonymous_17)
FNDA:0,(anonymous_18)
FNDA:0,(anonymous_19)
FNDA:0,(anonymous_20)
FNDA:0,(anonymous_21)
FNDA:0,(anonymous_22)
FNDA:0,(anonymous_23)
DA:1,0
DA:2,0
DA:3,0
DA:4,0
DA:6,0
DA:7,0
DA:8,0
DA:12,0
DA:13,0
DA:14,0
DA:15,0
DA:16,0
DA:19,0
DA:20,0
DA:21,0
DA:23,0
DA:24,0
DA:25,0
DA:28,0
DA:29,0
DA:30,0
DA:33,0
DA:34,0
DA:38,0
DA:41,0
DA:42,0
DA:43,0
DA:46,0
DA:47,0
DA:50,0
DA:53,0
DA:54,0
DA:55,0
DA:58,0
DA:59,0
DA:60,0
DA:63,0
DA:64,0
DA:65,0
LF:39
LH:0
BRF:0
BRH:0
end_of_record
TN:
SF:src/games/games.service.ts
FN:18,(anonymous_2)
FN:23,(anonymous_3)
FN:43,(anonymous_4)
FN:55,(anonymous_5)
FN:59,(anonymous_6)
FN:72,(anonymous_7)
FN:98,(anonymous_8)
FN:100,(anonymous_9)
FN:112,(anonymous_10)
FN:120,(anonymous_11)
FN:124,(anonymous_12)
FN:134,(anonymous_13)
FN:147,(anonymous_14)
FN:162,(anonymous_15)
FNF:14
FNH:0
FNDA:0,(anonymous_2)
FNDA:0,(anonymous_3)
FNDA:0,(anonymous_4)
FNDA:0,(anonymous_5)
FNDA:0,(anonymous_6)
FNDA:0,(anonymous_7)
FNDA:0,(anonymous_8)
FNDA:0,(anonymous_9)
FNDA:0,(anonymous_10)
FNDA:0,(anonymous_11)
FNDA:0,(anonymous_12)
FNDA:0,(anonymous_13)
FNDA:0,(anonymous_14)
FNDA:0,(anonymous_15)
DA:2,0
DA:3,0
DA:4,0
DA:5,0
DA:6,0
DA:8,0
DA:12,0
DA:14,0
DA:17,0
DA:19,0
DA:20,0
DA:24,0
DA:26,0
DA:28,0
DA:29,0
DA:32,0
DA:44,0
DA:46,0
DA:48,0
DA:49,0
DA:52,0
DA:56,0
DA:60,0
DA:76,0
DA:97,0
DA:99,0
DA:100,0
DA:109,0
DA:113,0
DA:121,0
DA:125,0
DA:126,0
DA:135,0
DA:144,0
DA:148,0
DA:157,0
DA:159,0
DA:163,0
LF:38
LH:0
BRDA:28,0,0,0
BRDA:48,1,0,0
BRDA:79,2,0,0
BRDA:79,2,1,0
BRF:4
BRH:0
end_of_record
TN:
SF:src/games/data/raw-games.ts
FNF:0
FNH:0
DA:3,1
DA:78,1
LF:2
LH:2
BRF:0
BRH:0
end_of_record
TN:
SF:src/games/dto/create-game.input.ts
FNF:0
FNH:0
DA:1,0
DA:5,0
DA:7,0
DA:10,0
LF:4
LH:0
BRF:0
BRH:0
end_of_record
TN:
SF:src/games/dto/generics.args.ts
FNF:0
FNH:0
DA:1,0
DA:2,0
DA:5,0
DA:7,0
DA:10,0
LF:5
LH:0
BRF:0
BRH:0
end_of_record
TN:
SF:src/games/dto/update-game.input.ts
FN:6,(anonymous_2)
FN:12,(anonymous_3)
FNF:2
FNH:0
FNDA:0,(anonymous_2)
FNDA:0,(anonymous_3)
DA:1,0
DA:2,0
DA:5,0
DA:6,0
DA:7,0
DA:11,0
DA:12,0
DA:13,0
DA:16,0
LF:9
LH:0
BRF:0
BRH:0
end_of_record
TN:
SF:src/games/entities/game-result.entity.ts
FNF:0
FNH:0
DA:1,0
DA:4,0
DA:6,0
DA:9,0
LF:4
LH:0
BRF:0
BRH:0
end_of_record
TN:
SF:src/games/entities/game.entity.ts
FN:16,(anonymous_2)
FN:25,(anonymous_3)
FN:28,(anonymous_4)
FN:34,(anonymous_5)
FNF:4
FNH:0
FNDA:0,(anonymous_2)
FNDA:0,(anonymous_3)
FNDA:0,(anonymous_4)
FNDA:0,(anonymous_5)
DA:1,0
DA:2,0
DA:3,0
DA:4,0
DA:6,0
DA:10,0
DA:15,0
DA:16,0
DA:17,0
DA:20,0
DA:23,0
DA:25,0
DA:26,0
DA:28,0
DA:29,0
DA:32,0
DA:34,0
DA:35,0
DA:38,0
DA:41,0
DA:44,0
DA:47,0
DA:51,0
LF:23
LH:0
BRF:0
BRH:0
end_of_record
TN:
SF:src/games/entities/oncoming-game.entity.ts
FNF:0
FNH:0
DA:1,0
DA:2,0
DA:5,0
DA:7,0
DA:10,0
DA:13,0
DA:16,0
DA:19,0
LF:8
LH:0
BRF:0
BRH:0
end_of_record
TN:
SF:src/games/helpers/oncoming.helper.ts
FN:6,getGameCalendarDate
FN:20,getGameId
FN:24,findNextRawGame
FN:26,(anonymous_3)
FN:32,findFirstRawGame
FN:42,(anonymous_5)
FN:58,getNextGames
FNF:7
FNH:7
FNDA:24,getGameCalendarDate
FNDA:232,getGameId
FNDA:22,findNextRawGame
FNDA:116,(anonymous_3)
FNDA:2,findFirstRawGame
FNDA:14,(anonymous_5)
FNDA:27,getNextGames
DA:1,1
DA:2,1
DA:3,1
DA:7,24
DA:11,24
DA:15,24
DA:17,24
DA:21,232
DA:25,22
DA:26,116
DA:29,22
DA:33,2
DA:34,2
DA:37,2
DA:39,0
DA:42,14
DA:44,2
DA:46,2
DA:51,2
DA:52,2
DA:55,0
DA:58,1
DA:63,27
DA:64,3
DA:67,24
DA:69,24
DA:73,24
DA:75,24
DA:82,24
LF:29
LH:27
BRDA:15,0,0,21
BRDA:15,0,1,3
BRDA:29,1,0,19
BRDA:29,1,1,3
BRDA:37,2,0,0
BRDA:51,3,0,2
BRDA:59,4,0,0
BRDA:60,5,0,3
BRDA:61,6,0,3
BRDA:63,7,0,3
BRDA:67,8,0,22
BRDA:67,8,1,2
BRDA:69,9,0,22
BRDA:69,9,1,2
BRDA:79,10,0,12
BRDA:79,10,1,12
BRF:16
BRH:14
end_of_record
TN:
SF:src/games/helpers/result.helper.ts
FN:9,getLatestGameResult
FN:16,getIsoDateFromString
FN:23,getResultAndDate
FN:58,(anonymous_3)
FNF:4
FNH:4
FNDA:6,getLatestGameResult
FNDA:6,getIsoDateFromString
FNDA:6,getResultAndDate
FNDA:7,(anonymous_3)
DA:1,1
DA:2,1
DA:3,1
DA:6,1
DA:7,1
DA:9,1
DA:13,6
DA:17,6
DA:18,6
DA:19,6
DA:20,6
DA:23,1
DA:27,6
DA:29,6
DA:30,2
DA:34,2
DA:35,2
DA:36,2
DA:38,2
DA:42,2
DA:43,2
DA:45,2
DA:46,4
DA:47,2
DA:49,2
DA:50,2
DA:51,2
DA:53,2
DA:57,2
DA:58,7
DA:61,2
DA:62,2
DA:64,2
DA:65,2
DA:66,1
DA:68,1
DA:69,1
DA:70,1
DA:72,1
DA:74,1
DA:75,1
DA:77,1
DA:78,1
DA:79,1
DA:81,1
DA:82,1
DA:83,1
DA:85,1
DA:89,1
DA:90,1
DA:92,1
LF:51
LH:51
BRDA:29,0,0,2
BRDA:29,0,1,4
BRDA:31,1,0,1
BRDA:31,1,1,1
BRDA:46,2,0,2
BRDA:46,2,1,2
BRDA:47,3,0,1
BRDA:47,3,1,1
BRDA:65,4,0,1
BRDA:65,4,1,1
BRDA:78,5,0,1
BRF:11
BRH:11
end_of_record
TN:
SF:src/games/tasks/fetch-result.task.ts
FN:8,(anonymous_2)
FN:12,(anonymous_3)
FNF:2
FNH:0
FNDA:0,(anonymous_2)
FNDA:0,(anonymous_3)
DA:1,0
DA:2,0
DA:3,0
DA:4,0
DA:7,0
DA:8,0
DA:12,0
DA:14,0
DA:16,0
DA:17,0
DA:20,0
DA:21,0
DA:26,0
LF:13
LH:0
BRDA:20,0,0,0
BRF:1
BRH:0
end_of_record
TN:
SF:src/prisma/prisma.service.ts
FN:6,(anonymous_1)
FN:10,(anonymous_2)
FN:11,(anonymous_3)
FNF:3
FNH:0
FNDA:0,(anonymous_1)
FNDA:0,(anonymous_2)
FNDA:0,(anonymous_3)
DA:1,0
DA:2,0
DA:5,0
DA:7,0
DA:11,0
DA:12,0
LF:6
LH:0
BRF:0
BRH:0
end_of_record
TN:
SF:src/types/index.ts
FN:12,(anonymous_0)
FN:20,(anonymous_1)
FN:29,(anonymous_2)
FNF:3
FNH:0
FNDA:0,(anonymous_0)
FNDA:0,(anonymous_1)
FNDA:0,(anonymous_2)
DA:12,0
DA:13,0
DA:14,0
DA:20,0
DA:21,0
DA:22,0
DA:23,0
DA:24,0
DA:25,0
DA:26,0
DA:29,0
DA:30,0
DA:31,0
LF:13
LH:0
BRDA:12,0,0,0
BRDA:12,0,1,0
BRDA:20,1,0,0
BRDA:20,1,1,0
BRDA:29,2,0,0
BRDA:29,2,1,0
BRF:6
BRH:0
end_of_record
TN:
SF:src/users/users.module.ts
FNF:0
FNH:0
DA:1,0
DA:2,0
DA:3,0
DA:4,0
DA:10,0
LF:5
LH:0
BRF:0
BRH:0
end_of_record
TN:
SF:src/users/users.resolver.ts
FN:12,(anonymous_4)
FN:15,(anonymous_5)
FN:20,(anonymous_6)
FN:25,(anonymous_7)
FN:32,(anonymous_8)
FN:37,(anonymous_9)
FN:45,(anonymous_10)
FN:14,(anonymous_11)
FN:19,(anonymous_12)
FN:24,(anonymous_13)
FN:26,(anonymous_14)
FN:31,(anonymous_15)
FN:36,(anonymous_16)
FN:44,(anonymous_17)
FN:45,(anonymous_18)
FN:10,(anonymous_19)
FNF:16
FNH:0
FNDA:0,(anonymous_4)
FNDA:0,(anonymous_5)
FNDA:0,(anonymous_6)
FNDA:0,(anonymous_7)
FNDA:0,(anonymous_8)
FNDA:0,(anonymous_9)
FNDA:0,(anonymous_10)
FNDA:0,(anonymous_11)
FNDA:0,(anonymous_12)
FNDA:0,(anonymous_13)
FNDA:0,(anonymous_14)
FNDA:0,(anonymous_15)
FNDA:0,(anonymous_16)
FNDA:0,(anonymous_17)
FNDA:0,(anonymous_18)
FNDA:0,(anonymous_19)
DA:1,0
DA:2,0
DA:3,0
DA:4,0
DA:5,0
DA:6,0
DA:7,0
DA:10,0
DA:11,0
DA:12,0
DA:14,0
DA:15,0
DA:16,0
DA:19,0
DA:20,0
DA:21,0
DA:24,0
DA:25,0
DA:26,0
DA:28,0
DA:31,0
DA:32,0
DA:33,0
DA:36,0
DA:37,0
DA:41,0
DA:44,0
DA:45,0
DA:46,0
LF:29
LH:0
BRF:0
BRH:0
end_of_record
TN:
SF:src/users/users.service.ts
FN:10,(anonymous_2)
FN:12,(anonymous_3)
FN:18,(anonymous_4)
FN:22,(anonymous_5)
FN:26,(anonymous_6)
FN:30,(anonymous_7)
FN:37,(anonymous_8)
FN:60,(anonymous_9)
FNF:8
FNH:0
FNDA:0,(anonymous_2)
FNDA:0,(anonymous_3)
FNDA:0,(anonymous_4)
FNDA:0,(anonymous_5)
FNDA:0,(anonymous_6)
FNDA:0,(anonymous_7)
FNDA:0,(anonymous_8)
FNDA:0,(anonymous_9)
DA:1,0
DA:2,0
DA:3,0
DA:9,0
DA:10,0
DA:13,0
DA:19,0
DA:23,0
DA:27,0
DA:31,0
DA:38,0
DA:42,0
DA:44,0
DA:45,0
DA:50,0
DA:52,0
DA:61,0
LF:17
LH:0
BRDA:44,0,0,0
BRF:1
BRH:0
end_of_record
TN:
SF:src/users/dto/create-user.input.ts
FNF:0
FNH:0
DA:1,0
DA:4,0
DA:6,0
DA:9,0
DA:12,0
LF:5
LH:0
BRF:0
BRH:0
end_of_record
TN:
SF:src/users/dto/update-user.input.ts
FN:5,(anonymous_2)
FN:8,(anonymous_3)
FN:11,(anonymous_4)
FNF:3
FNH:0
FNDA:0,(anonymous_2)
FNDA:0,(anonymous_3)
FNDA:0,(anonymous_4)
DA:1,0
DA:4,0
DA:5,0
DA:6,0
DA:8,0
DA:9,0
DA:11,0
DA:12,0
DA:16,0
DA:18,0
DA:21,0
LF:11
LH:0
BRF:0
BRH:0
end_of_record
TN:
SF:src/users/entities/user.entity.ts
FN:6,(anonymous_2)
FNF:1
FNH:0
FNDA:0,(anonymous_2)
DA:1,0
DA:2,0
DA:5,0
DA:6,0
DA:7,0
DA:10,0
DA:13,0
DA:16,0
DA:19,0
DA:22,0
DA:25,0
DA:28,0
LF:12
LH:0
BRF:0
BRH:0
end_of_record
TN:
SF:src/utils/misc.ts
FN:8,getGame
FN:12,(anonymous_1)
FN:37,encryptPassword
FN:41,comparePasswords
FNF:4
FNH:0
FNDA:0,getGame
FNDA:0,(anonymous_1)
FNDA:0,encryptPassword
FNDA:0,comparePasswords
DA:2,0
DA:3,0
DA:4,0
DA:8,0
DA:12,0
DA:14,0
DA:15,0
DA:18,0
DA:22,0
DA:23,0
DA:26,0
DA:28,0
DA:37,0
DA:38,0
DA:41,0
DA:45,0
LF:16
LH:0
BRDA:14,0,0,0
BRDA:22,1,0,0
BRDA:26,2,0,0
BRDA:26,2,1,0
BRF:4
BRH:0
end_of_record
